2026/01/20 09:28:12 cache.go:210: [32mCACHE[0m Cache Entry for Table [Sausage] added with Key [Bum], expiry [2026-01-20T09:58:27.627824Z] 30 minutes from now
2026/01/20 09:28:12 cache.go:210: [32mCACHE[0m Cache Entry for Table [Sausage] added with Key [Bum2], expiry [2026-01-20T09:58:27.627976Z] 30 minutes from now
2026/01/20 09:28:12 cache.go:210: [32mCACHE[0m Cache Entry for Table [Sausage] added with Key [Bum3], expiry [2026-01-20T09:58:27.628049Z] 30 minutes from now
2026/01/20 09:28:12 cache.go:210: [32mCACHE[0m Cache Entry for Table [Sausage] added with Key [Bum4], expiry [2026-01-20T09:58:27.628072Z] 30 minutes from now
2026/01/20 09:28:12 cache.go:210: [32mCACHE[0m Cache Entry for Table [Supper] added with Key [Foo], expiry [2125-12-27T09:28:12.628211Z] a long while from now
2026/01/20 09:28:12 cache.go:210: [32mCACHE[0m Cache Entry for Table [TemplateStore] added with Key [71d5bec0e9f395438944179661efce0a6fbc9352f8ba11d1ce4df2fe42f18291], expiry [2026-01-20T09:28:13.760302Z] now
2026/01/20 09:28:12 cache.go:210: [32mCACHE[0m Cache Entry for Table [TemplateStore] added with Key [9a101b0eaff0198e6c3e8a8247b24093789ea5b5c16216a7ffb63404195e0251], expiry [2026-01-20T09:28:14.76155Z] 1 second from now
2026/01/20 09:28:12 cache.go:210: [32mCACHE[0m Cache Entry for Table [TemplateStore] added with Key [691d6631fec02ab520f3e2c652faded0265a3ed590cce40cda721d0995aa7130], expiry [2026-01-20T09:28:14.761727Z] 1 second from now
2026/01/20 09:28:22 cache.go:210: [32mCACHE[0m Cache Entry for Table [Sausage] added with Key [Bum], expiry [2026-01-20T09:58:37.887628Z] 30 minutes from now
2026/01/20 09:28:22 cache.go:210: [32mCACHE[0m Cache Entry for Table [Sausage] added with Key [Bum2], expiry [2026-01-20T09:58:37.888114Z] 30 minutes from now
2026/01/20 09:28:22 cache.go:210: [32mCACHE[0m Cache Entry for Table [Sausage] added with Key [Bum3], expiry [2026-01-20T09:58:37.888146Z] 30 minutes from now
2026/01/20 09:28:22 cache.go:210: [32mCACHE[0m Cache Entry for Table [Sausage] added with Key [Bum4], expiry [2026-01-20T09:58:37.888172Z] 30 minutes from now
2026/01/20 09:28:22 cache.go:210: [32mCACHE[0m Cache Entry for Table [Supper] added with Key [Foo], expiry [2125-12-27T09:28:22.888332Z] a long while from now
2026/01/20 09:28:22 cache.go:210: [32mCACHE[0m Cache Entry for Table [TemplateStore] added with Key [70a186983e0462a73186dae892016a8434934713c551e5b75ea52d37a2266e14], expiry [2026-01-20T09:28:23.891367Z] now
2026/01/20 09:28:22 cache.go:210: [32mCACHE[0m Cache Entry for Table [TemplateStore] added with Key [345943a39817357be07438622980209e5022486596563d4db3ba04c96925c39a], expiry [2026-01-20T09:28:24.896985Z] 1 second from now
2026/01/20 09:28:22 cache.go:210: [32mCACHE[0m Cache Entry for Table [TemplateStore] added with Key [d135755071b83aa05e51d5986039e147d37d5f6d6a6ba801bee35eceb3f2c293], expiry [2026-01-20T09:28:24.897231Z] 1 second from now
2026/01/20 09:28:23 cache.go:210: [32mCACHE[0m Cache Entry for Table [Sausage] added with Key [Bum], expiry [2026-01-20T09:58:38.979127Z] 30 minutes from now
2026/01/20 09:28:23 cache.go:210: [32mCACHE[0m Cache Entry for Table [Sausage] added with Key [Bum2], expiry [2026-01-20T09:58:38.979243Z] 30 minutes from now
2026/01/20 09:28:23 cache.go:210: [32mCACHE[0m Cache Entry for Table [Sausage] added with Key [Bum3], expiry [2026-01-20T09:58:38.979277Z] 30 minutes from now
2026/01/20 09:28:23 cache.go:210: [32mCACHE[0m Cache Entry for Table [Sausage] added with Key [Bum4], expiry [2026-01-20T09:58:38.97931Z] 30 minutes from now
2026/01/20 09:28:23 cache.go:210: [32mCACHE[0m Cache Entry for Table [Supper] added with Key [Foo], expiry [2125-12-27T09:28:23.979566Z] a long while from now
2026/01/20 09:28:23 cache.go:210: [32mCACHE[0m Cache Entry for Table [TemplateStore] added with Key [57f8f317d81f02b72613f3bcaaec4b28dcfeabe646dea6d060f557d8dfac05f2], expiry [2026-01-20T09:28:24.982428Z] now
2026/01/20 09:28:23 cache.go:210: [32mCACHE[0m Cache Entry for Table [TemplateStore] added with Key [658af0dd0c6533736cf9355e8a2ac4a209e35bc63e2c75d94d62b6cb7ff2f39c], expiry [2026-01-20T09:28:25.983155Z] 1 second from now
2026/01/20 09:28:23 cache.go:210: [32mCACHE[0m Cache Entry for Table [TemplateStore] added with Key [f5a37c84d93a520381ff9ed7d94af3c20333a592332da9ffe5fa178eb788b89a], expiry [2026-01-20T09:28:25.983343Z] 1 second from now
2026/01/20 09:28:24 cache.go:210: [32mCACHE[0m Cache Entry for Table [Sausage] added with Key [Bum], expiry [2026-01-20T09:58:39.675814Z] 30 minutes from now
2026/01/20 09:28:24 cache.go:210: [32mCACHE[0m Cache Entry for Table [Sausage] added with Key [Bum2], expiry [2026-01-20T09:58:39.675931Z] 30 minutes from now
2026/01/20 09:28:24 cache.go:210: [32mCACHE[0m Cache Entry for Table [Sausage] added with Key [Bum3], expiry [2026-01-20T09:58:39.67596Z] 30 minutes from now
2026/01/20 09:28:24 cache.go:210: [32mCACHE[0m Cache Entry for Table [Sausage] added with Key [Bum4], expiry [2026-01-20T09:58:39.675982Z] 30 minutes from now
2026/01/20 09:28:24 cache.go:210: [32mCACHE[0m Cache Entry for Table [Supper] added with Key [Foo], expiry [2125-12-27T09:28:24.676129Z] a long while from now
2026/01/20 09:28:24 cache.go:210: [32mCACHE[0m Cache Entry for Table [TemplateStore] added with Key [6cd6683bce0710e1429969ec4839accadd06d9d8ef88c87fc2d5d57ea4bf5d90], expiry [2026-01-20T09:28:25.679073Z] now
2026/01/20 09:28:24 cache.go:210: [32mCACHE[0m Cache Entry for Table [TemplateStore] added with Key [0c50829809b98a5a898056fa013d250be80128beb1ab972db0c8b5d54014e0ad], expiry [2026-01-20T09:28:26.679829Z] 1 second from now
2026/01/20 09:28:24 cache.go:210: [32mCACHE[0m Cache Entry for Table [TemplateStore] added with Key [4ebd93ff00348aab8270c8ce60935b9beb72fd5aa381e75fcbb705eef9874249], expiry [2026-01-20T09:28:26.679997Z] 1 second from now
2026/01/20 09:28:25 cache.go:210: [32mCACHE[0m Cache Entry for Table [Sausage] added with Key [Bum], expiry [2026-01-20T09:58:40.168163Z] 30 minutes from now
2026/01/20 09:28:25 cache.go:210: [32mCACHE[0m Cache Entry for Table [Sausage] added with Key [Bum2], expiry [2026-01-20T09:58:40.168235Z] 30 minutes from now
2026/01/20 09:28:25 cache.go:210: [32mCACHE[0m Cache Entry for Table [Sausage] added with Key [Bum3], expiry [2026-01-20T09:58:40.168264Z] 30 minutes from now
2026/01/20 09:28:25 cache.go:210: [32mCACHE[0m Cache Entry for Table [Sausage] added with Key [Bum4], expiry [2026-01-20T09:58:40.168288Z] 30 minutes from now
2026/01/20 09:28:25 cache.go:210: [32mCACHE[0m Cache Entry for Table [Supper] added with Key [Foo], expiry [2125-12-27T09:28:25.168451Z] a long while from now
2026/01/20 09:28:25 cache.go:210: [32mCACHE[0m Cache Entry for Table [TemplateStore] added with Key [6103e09ce05fec71d66676427a7ee7f887842113ca22b6da30c2f30c9b398a39], expiry [2026-01-20T09:28:26.171294Z] now
2026/01/20 09:28:25 cache.go:210: [32mCACHE[0m Cache Entry for Table [TemplateStore] added with Key [6a397a13c52f7177d6c0159d4b7d6646dadf2daaa8b7d8ef63547444a18cbffa], expiry [2026-01-20T09:28:27.172006Z] 1 second from now
2026/01/20 09:28:25 cache.go:210: [32mCACHE[0m Cache Entry for Table [TemplateStore] added with Key [63a01b255a8d9bf5875fb41bb3d6b4c66ec65ac9603c8816f52b026d35e594ac], expiry [2026-01-20T09:28:27.17217Z] 1 second from now
2026/01/20 09:28:25 cache.go:210: [32mCACHE[0m Cache Entry for Table [Sausage] added with Key [Bum], expiry [2026-01-20T09:58:40.663381Z] 30 minutes from now
2026/01/20 09:28:25 cache.go:210: [32mCACHE[0m Cache Entry for Table [Sausage] added with Key [Bum2], expiry [2026-01-20T09:58:40.663562Z] 30 minutes from now
2026/01/20 09:28:25 cache.go:210: [32mCACHE[0m Cache Entry for Table [Sausage] added with Key [Bum3], expiry [2026-01-20T09:58:40.663594Z] 30 minutes from now
2026/01/20 09:28:25 cache.go:210: [32mCACHE[0m Cache Entry for Table [Sausage] added with Key [Bum4], expiry [2026-01-20T09:58:40.663624Z] 30 minutes from now
2026/01/20 09:28:25 cache.go:210: [32mCACHE[0m Cache Entry for Table [Supper] added with Key [Foo], expiry [2125-12-27T09:28:25.663819Z] a long while from now
2026/01/20 09:28:25 cache.go:210: [32mCACHE[0m Cache Entry for Table [TemplateStore] added with Key [c562347c5a82ddd8266af4896c06bd34c488d658e4aa11c3d7961f4dab10d9b9], expiry [2026-01-20T09:28:26.666588Z] now
2026/01/20 09:28:25 cache.go:210: [32mCACHE[0m Cache Entry for Table [TemplateStore] added with Key [a3e892477de2ad52e15b1f8c6da3129dbf6bf3227bc8f792e7b15dd76a40cfbe], expiry [2026-01-20T09:28:27.667344Z] 1 second from now
2026/01/20 09:28:25 cache.go:210: [32mCACHE[0m Cache Entry for Table [TemplateStore] added with Key [8d5a15e9900b129eacf10333a5ca575e9a424bb12b106d01d1f81671d6deba8d], expiry [2026-01-20T09:28:27.667505Z] 1 second from now
2026/01/20 09:28:26 cache.go:210: [32mCACHE[0m Cache Entry for Table [Sausage] added with Key [Bum], expiry [2026-01-20T09:58:41.121952Z] 30 minutes from now
2026/01/20 09:28:26 cache.go:210: [32mCACHE[0m Cache Entry for Table [Sausage] added with Key [Bum2], expiry [2026-01-20T09:58:41.12206Z] 30 minutes from now
2026/01/20 09:28:26 cache.go:210: [32mCACHE[0m Cache Entry for Table [Sausage] added with Key [Bum3], expiry [2026-01-20T09:58:41.122092Z] 30 minutes from now
2026/01/20 09:28:26 cache.go:210: [32mCACHE[0m Cache Entry for Table [Sausage] added with Key [Bum4], expiry [2026-01-20T09:58:41.122119Z] 30 minutes from now
2026/01/20 09:28:26 cache.go:210: [32mCACHE[0m Cache Entry for Table [Supper] added with Key [Foo], expiry [2125-12-27T09:28:26.122302Z] a long while from now
2026/01/20 09:28:26 cache.go:210: [32mCACHE[0m Cache Entry for Table [TemplateStore] added with Key [d5cbd992dc3d8cfae23527d3b96b00f1cf7fcadf799db0a0151c717aee4bff62], expiry [2026-01-20T09:28:27.12587Z] now
2026/01/20 09:28:26 cache.go:210: [32mCACHE[0m Cache Entry for Table [TemplateStore] added with Key [617cc447de43178848491f970e9533fde9950d3c564e54b2deb7c8b2f4381d33], expiry [2026-01-20T09:28:28.126967Z] 1 second from now
2026/01/20 09:28:26 cache.go:210: [32mCACHE[0m Cache Entry for Table [TemplateStore] added with Key [b9442df15d3237ae01be2c5c13f77da506fed68a00ff8bcc708b4f005166c03a], expiry [2026-01-20T09:28:28.127155Z] 1 second from now
2026/01/20 09:28:26 cache.go:210: [32mCACHE[0m Cache Entry for Table [Sausage] added with Key [Bum], expiry [2026-01-20T09:58:41.714883Z] 30 minutes from now
2026/01/20 09:28:26 cache.go:210: [32mCACHE[0m Cache Entry for Table [Sausage] added with Key [Bum2], expiry [2026-01-20T09:58:41.714967Z] 30 minutes from now
2026/01/20 09:28:26 cache.go:210: [32mCACHE[0m Cache Entry for Table [Sausage] added with Key [Bum3], expiry [2026-01-20T09:58:41.714996Z] 30 minutes from now
2026/01/20 09:28:26 cache.go:210: [32mCACHE[0m Cache Entry for Table [Sausage] added with Key [Bum4], expiry [2026-01-20T09:58:41.715018Z] 30 minutes from now
2026/01/20 09:28:26 cache.go:210: [32mCACHE[0m Cache Entry for Table [Supper] added with Key [Foo], expiry [2125-12-27T09:28:26.715231Z] a long while from now
2026/01/20 09:28:26 cache.go:210: [32mCACHE[0m Cache Entry for Table [TemplateStore] added with Key [12b27ab9c6814e89b45d3764d5c775093431bce8052ac0287910fef2a29cc84a], expiry [2026-01-20T09:28:27.718295Z] now
2026/01/20 09:28:26 cache.go:210: [32mCACHE[0m Cache Entry for Table [TemplateStore] added with Key [99ed6f3592578df894273121414bd8737854e191c90729c8ced4e74baa1f1007], expiry [2026-01-20T09:28:28.719082Z] 1 second from now
2026/01/20 09:28:26 cache.go:210: [32mCACHE[0m Cache Entry for Table [TemplateStore] added with Key [0c98bbb170e702fce4e4e5585076a03e0f8b903a5d59427d7569ecf9dccf3b6d], expiry [2026-01-20T09:28:28.719258Z] 1 second from now
2026/01/20 09:28:27 cache.go:210: [32mCACHE[0m Cache Entry for Table [Sausage] added with Key [Bum], expiry [2026-01-20T09:58:42.281942Z] 30 minutes from now
2026/01/20 09:28:27 cache.go:210: [32mCACHE[0m Cache Entry for Table [Sausage] added with Key [Bum2], expiry [2026-01-20T09:58:42.282038Z] 30 minutes from now
2026/01/20 09:28:27 cache.go:210: [32mCACHE[0m Cache Entry for Table [Sausage] added with Key [Bum3], expiry [2026-01-20T09:58:42.282065Z] 30 minutes from now
2026/01/20 09:28:27 cache.go:210: [32mCACHE[0m Cache Entry for Table [Sausage] added with Key [Bum4], expiry [2026-01-20T09:58:42.282089Z] 30 minutes from now
2026/01/20 09:28:27 cache.go:210: [32mCACHE[0m Cache Entry for Table [Supper] added with Key [Foo], expiry [2125-12-27T09:28:27.282263Z] a long while from now
2026/01/20 09:28:27 cache.go:210: [32mCACHE[0m Cache Entry for Table [TemplateStore] added with Key [0b685574b8455d603b713dbe6d86148daf75fe0cb2315c67409ba9f4da144d4e], expiry [2026-01-20T09:28:28.285762Z] now
2026/01/20 09:28:27 cache.go:210: [32mCACHE[0m Cache Entry for Table [TemplateStore] added with Key [de83d6dd216169c21fa27bb6d074b830c7e10bff9258ce1b3da25c74067cec18], expiry [2026-01-20T09:28:29.286478Z] 1 second from now
2026/01/20 09:28:27 cache.go:210: [32mCACHE[0m Cache Entry for Table [TemplateStore] added with Key [66f2b61340cad7a49d3537090e85dd0520dafeef75aaadcdb1b46fe5295f0f07], expiry [2026-01-20T09:28:29.286708Z] 1 second from now
2026/01/20 09:28:27 cache.go:210: [32mCACHE[0m Cache Entry for Table [Sausage] added with Key [Bum], expiry [2026-01-20T09:58:42.793812Z] 30 minutes from now
2026/01/20 09:28:27 cache.go:210: [32mCACHE[0m Cache Entry for Table [Sausage] added with Key [Bum2], expiry [2026-01-20T09:58:42.793907Z] 30 minutes from now
2026/01/20 09:28:27 cache.go:210: [32mCACHE[0m Cache Entry for Table [Sausage] added with Key [Bum3], expiry [2026-01-20T09:58:42.793934Z] 30 minutes from now
2026/01/20 09:28:27 cache.go:210: [32mCACHE[0m Cache Entry for Table [Sausage] added with Key [Bum4], expiry [2026-01-20T09:58:42.793962Z] 30 minutes from now
2026/01/20 09:28:27 cache.go:210: [32mCACHE[0m Cache Entry for Table [Supper] added with Key [Foo], expiry [2125-12-27T09:28:27.794191Z] a long while from now
2026/01/20 09:28:27 cache.go:210: [32mCACHE[0m Cache Entry for Table [TemplateStore] added with Key [002757ea837a391790b75a2637dfb8f960f239ffa217394ea440dd2a22fcec1a], expiry [2026-01-20T09:28:28.797781Z] now
2026/01/20 09:28:27 cache.go:210: [32mCACHE[0m Cache Entry for Table [TemplateStore] added with Key [c51996069792aaa23dc47ad14534369926338e89852d5699a688cf9ad8df3f4a], expiry [2026-01-20T09:28:29.798755Z] 1 second from now
2026/01/20 09:28:27 cache.go:210: [32mCACHE[0m Cache Entry for Table [TemplateStore] added with Key [bd71ad047c5cf5047ded8c47afc81da04132f704f7827f816ccaf8f01e26b73e], expiry [2026-01-20T09:28:29.799035Z] 1 second from now
2026/01/20 09:28:28 cache.go:210: [32mCACHE[0m Cache Entry for Table [Sausage] added with Key [Bum], expiry [2026-01-20T09:58:43.308525Z] 30 minutes from now
2026/01/20 09:28:28 cache.go:210: [32mCACHE[0m Cache Entry for Table [Sausage] added with Key [Bum2], expiry [2026-01-20T09:58:43.308619Z] 30 minutes from now
2026/01/20 09:28:28 cache.go:210: [32mCACHE[0m Cache Entry for Table [Sausage] added with Key [Bum3], expiry [2026-01-20T09:58:43.308646Z] 30 minutes from now
2026/01/20 09:28:28 cache.go:210: [32mCACHE[0m Cache Entry for Table [Sausage] added with Key [Bum4], expiry [2026-01-20T09:58:43.308672Z] 30 minutes from now
2026/01/20 09:28:28 cache.go:210: [32mCACHE[0m Cache Entry for Table [Supper] added with Key [Foo], expiry [2125-12-27T09:28:28.308864Z] a long while from now
2026/01/20 09:28:28 cache.go:210: [32mCACHE[0m Cache Entry for Table [TemplateStore] added with Key [598b16cc010a60bf49bdf58dfae39d8d08495b02b2274c57520aa30245668019], expiry [2026-01-20T09:28:29.363961Z] now
2026/01/20 09:28:28 cache.go:210: [32mCACHE[0m Cache Entry for Table [TemplateStore] added with Key [d2884adff46056ebd7131c0277e1d3c2832302bcd7d2b935fff9598acd55cbb7], expiry [2026-01-20T09:28:30.364749Z] 1 second from now
2026/01/20 09:28:28 cache.go:210: [32mCACHE[0m Cache Entry for Table [TemplateStore] added with Key [7c93003032c5e04ca0d736a76d799f62d9b01e15d0b451fe0bfb76989589c05a], expiry [2026-01-20T09:28:30.364915Z] 1 second from now
2026/01/20 09:28:28 cache.go:210: [32mCACHE[0m Cache Entry for Table [Sausage] added with Key [Bum], expiry [2026-01-20T09:58:43.813939Z] 30 minutes from now
2026/01/20 09:28:28 cache.go:210: [32mCACHE[0m Cache Entry for Table [Sausage] added with Key [Bum2], expiry [2026-01-20T09:58:43.81407Z] 30 minutes from now
2026/01/20 09:28:28 cache.go:210: [32mCACHE[0m Cache Entry for Table [Sausage] added with Key [Bum3], expiry [2026-01-20T09:58:43.814124Z] 30 minutes from now
2026/01/20 09:28:28 cache.go:210: [32mCACHE[0m Cache Entry for Table [Sausage] added with Key [Bum4], expiry [2026-01-20T09:58:43.814145Z] 30 minutes from now
2026/01/20 09:28:28 cache.go:210: [32mCACHE[0m Cache Entry for Table [Supper] added with Key [Foo], expiry [2125-12-27T09:28:28.814336Z] a long while from now
2026/01/20 09:28:28 cache.go:210: [32mCACHE[0m Cache Entry for Table [TemplateStore] added with Key [91b33b35427dc2939df437e59ed717f605003a0811f402bdf485ac0ac385229d], expiry [2026-01-20T09:28:29.817408Z] now
2026/01/20 09:28:28 cache.go:210: [32mCACHE[0m Cache Entry for Table [TemplateStore] added with Key [72ae507093d4b8b4d338697571eee164cea1126056e4cae292e600cfe7b5aefb], expiry [2026-01-20T09:28:30.818145Z] 1 second from now
2026/01/20 09:28:28 cache.go:210: [32mCACHE[0m Cache Entry for Table [TemplateStore] added with Key [dfa2675b28ea24c3bdeacfeaca2732132f15bfec8c4697ff7271285eef04ccd3], expiry [2026-01-20T09:28:30.818309Z] 1 second from now
2026/01/20 09:28:29 cache.go:210: [32mCACHE[0m Cache Entry for Table [Sausage] added with Key [Bum], expiry [2026-01-20T09:58:44.298441Z] 30 minutes from now
2026/01/20 09:28:29 cache.go:210: [32mCACHE[0m Cache Entry for Table [Sausage] added with Key [Bum2], expiry [2026-01-20T09:58:44.298559Z] 30 minutes from now
2026/01/20 09:28:29 cache.go:210: [32mCACHE[0m Cache Entry for Table [Sausage] added with Key [Bum3], expiry [2026-01-20T09:58:44.298586Z] 30 minutes from now
2026/01/20 09:28:29 cache.go:210: [32mCACHE[0m Cache Entry for Table [Sausage] added with Key [Bum4], expiry [2026-01-20T09:58:44.298609Z] 30 minutes from now
2026/01/20 09:28:29 cache.go:210: [32mCACHE[0m Cache Entry for Table [Supper] added with Key [Foo], expiry [2125-12-27T09:28:29.298767Z] a long while from now
2026/01/20 09:28:29 cache.go:210: [32mCACHE[0m Cache Entry for Table [TemplateStore] added with Key [db5cd1955d55e7164459d36099a654ff6adae8e62d1e7752856385c46684f71e], expiry [2026-01-20T09:28:30.301474Z] now
2026/01/20 09:28:29 cache.go:210: [32mCACHE[0m Cache Entry for Table [TemplateStore] added with Key [7e9fd7526fd88358d771795e81a6a613e45fea4d0ea942e6ca51bed8e9fae75d], expiry [2026-01-20T09:28:31.302265Z] 1 second from now
2026/01/20 09:28:29 cache.go:210: [32mCACHE[0m Cache Entry for Table [TemplateStore] added with Key [75e27f74346029017f1458a794e3b6e1d8fb468ccaee36d8c459bfa355a0f417], expiry [2026-01-20T09:28:31.302451Z] 1 second from now
2026/01/20 09:28:29 cache.go:210: [32mCACHE[0m Cache Entry for Table [Sausage] added with Key [Bum], expiry [2026-01-20T09:58:44.770071Z] 30 minutes from now
2026/01/20 09:28:29 cache.go:210: [32mCACHE[0m Cache Entry for Table [Sausage] added with Key [Bum2], expiry [2026-01-20T09:58:44.770136Z] 30 minutes from now
2026/01/20 09:28:29 cache.go:210: [32mCACHE[0m Cache Entry for Table [Sausage] added with Key [Bum3], expiry [2026-01-20T09:58:44.770163Z] 30 minutes from now
2026/01/20 09:28:29 cache.go:210: [32mCACHE[0m Cache Entry for Table [Sausage] added with Key [Bum4], expiry [2026-01-20T09:58:44.770186Z] 30 minutes from now
2026/01/20 09:28:29 cache.go:210: [32mCACHE[0m Cache Entry for Table [Supper] added with Key [Foo], expiry [2125-12-27T09:28:29.77035Z] a long while from now
2026/01/20 09:28:29 cache.go:210: [32mCACHE[0m Cache Entry for Table [TemplateStore] added with Key [b2037accb78f983e89a002556260f0d3bc168cb10d570da62308526e367bb0c4], expiry [2026-01-20T09:28:30.773349Z] now
2026/01/20 09:28:29 cache.go:210: [32mCACHE[0m Cache Entry for Table [TemplateStore] added with Key [3a9fa2f292f5d5cfd7464c434e299abecc4e3eaf2c5eda20b44d141141d97b7b], expiry [2026-01-20T09:28:31.774174Z] 1 second from now
2026/01/20 09:28:29 cache.go:210: [32mCACHE[0m Cache Entry for Table [TemplateStore] added with Key [7ad46d819c764a32613ecffe06f7df458c78c36dde4bdd995336dcc3a4a302c1], expiry [2026-01-20T09:28:31.774362Z] 1 second from now
2026/01/20 09:28:30 cache.go:210: [32mCACHE[0m Cache Entry for Table [Sausage] added with Key [Bum], expiry [2026-01-20T09:58:45.266487Z] 30 minutes from now
2026/01/20 09:28:30 cache.go:210: [32mCACHE[0m Cache Entry for Table [Sausage] added with Key [Bum2], expiry [2026-01-20T09:58:45.266589Z] 30 minutes from now
2026/01/20 09:28:30 cache.go:210: [32mCACHE[0m Cache Entry for Table [Sausage] added with Key [Bum3], expiry [2026-01-20T09:58:45.266619Z] 30 minutes from now
2026/01/20 09:28:30 cache.go:210: [32mCACHE[0m Cache Entry for Table [Sausage] added with Key [Bum4], expiry [2026-01-20T09:58:45.26665Z] 30 minutes from now
2026/01/20 09:28:30 cache.go:210: [32mCACHE[0m Cache Entry for Table [Supper] added with Key [Foo], expiry [2125-12-27T09:28:30.26685Z] a long while from now
2026/01/20 09:28:30 cache.go:210: [32mCACHE[0m Cache Entry for Table [TemplateStore] added with Key [b4c5507ad6fe13a79963851883ff0c80c100b808c51a3bdf30686fdf7d3afea8], expiry [2026-01-20T09:28:31.269962Z] now
2026/01/20 09:28:30 cache.go:210: [32mCACHE[0m Cache Entry for Table [TemplateStore] added with Key [0ed69b5fb4600902807091fa7db0b2b9d24bd40d02fb2f2c2c3efe3536bc7820], expiry [2026-01-20T09:28:32.271021Z] 1 second from now
2026/01/20 09:28:30 cache.go:210: [32mCACHE[0m Cache Entry for Table [TemplateStore] added with Key [2fda26ceaf6829226fca1efe57d8e79e948691dc108dee3683f97e9218a05ed1], expiry [2026-01-20T09:28:32.271211Z] 1 second from now
2026/01/20 09:28:30 cache.go:210: [32mCACHE[0m Cache Entry for Table [Sausage] added with Key [Bum], expiry [2026-01-20T09:58:45.756066Z] 30 minutes from now
2026/01/20 09:28:30 cache.go:210: [32mCACHE[0m Cache Entry for Table [Sausage] added with Key [Bum2], expiry [2026-01-20T09:58:45.756153Z] 30 minutes from now
2026/01/20 09:28:30 cache.go:210: [32mCACHE[0m Cache Entry for Table [Sausage] added with Key [Bum3], expiry [2026-01-20T09:58:45.756182Z] 30 minutes from now
2026/01/20 09:28:30 cache.go:210: [32mCACHE[0m Cache Entry for Table [Sausage] added with Key [Bum4], expiry [2026-01-20T09:58:45.756208Z] 30 minutes from now
2026/01/20 09:28:30 cache.go:210: [32mCACHE[0m Cache Entry for Table [Supper] added with Key [Foo], expiry [2125-12-27T09:28:30.75637Z] a long while from now
2026/01/20 09:28:30 cache.go:210: [32mCACHE[0m Cache Entry for Table [TemplateStore] added with Key [14e90d5dc080a02c99c89da3584707dc381dd35b633b81ba5d1dd919c04df093], expiry [2026-01-20T09:28:31.759467Z] now
2026/01/20 09:28:30 cache.go:210: [32mCACHE[0m Cache Entry for Table [TemplateStore] added with Key [a4f75767358ec72a672f73cd43d918fbd4eb0e8ce7208b56d365a4faf37cb9d9], expiry [2026-01-20T09:28:32.760296Z] 1 second from now
2026/01/20 09:28:30 cache.go:210: [32mCACHE[0m Cache Entry for Table [TemplateStore] added with Key [ba5a26935006725615b414ad6d048b3eedbe228e6c574c37d674633a70f3521a], expiry [2026-01-20T09:28:32.760473Z] 1 second from now
2026/01/20 09:28:31 cache.go:210: [32mCACHE[0m Cache Entry for Table [Sausage] added with Key [Bum], expiry [2026-01-20T09:58:46.217994Z] 30 minutes from now
2026/01/20 09:28:31 cache.go:210: [32mCACHE[0m Cache Entry for Table [Sausage] added with Key [Bum2], expiry [2026-01-20T09:58:46.218097Z] 30 minutes from now
2026/01/20 09:28:31 cache.go:210: [32mCACHE[0m Cache Entry for Table [Sausage] added with Key [Bum3], expiry [2026-01-20T09:58:46.21813Z] 30 minutes from now
2026/01/20 09:28:31 cache.go:210: [32mCACHE[0m Cache Entry for Table [Sausage] added with Key [Bum4], expiry [2026-01-20T09:58:46.218154Z] 30 minutes from now
2026/01/20 09:28:31 cache.go:210: [32mCACHE[0m Cache Entry for Table [Supper] added with Key [Foo], expiry [2125-12-27T09:28:31.218324Z] a long while from now
2026/01/20 09:28:31 cache.go:210: [32mCACHE[0m Cache Entry for Table [TemplateStore] added with Key [4a73571167605be100b0b5a6124f7fd95bb9440167fe49e62000cd0a83c9cfea], expiry [2026-01-20T09:28:32.221332Z] now
2026/01/20 09:28:31 cache.go:210: [32mCACHE[0m Cache Entry for Table [TemplateStore] added with Key [ce29fb87ab1973fb98a73a9a1960ddeb7e16c0a95ac872778a466b31cbe3c2ca], expiry [2026-01-20T09:28:33.222218Z] 1 second from now
2026/01/20 09:28:31 cache.go:210: [32mCACHE[0m Cache Entry for Table [TemplateStore] added with Key [ac4d2cab439a690781a5ccca00eddc12afa59d668b486991621dbbbfc0e51d6b], expiry [2026-01-20T09:28:33.222496Z] 1 second from now
2026/01/20 09:28:31 cache.go:210: [32mCACHE[0m Cache Entry for Table [Sausage] added with Key [Bum], expiry [2026-01-20T09:58:46.716306Z] 30 minutes from now
2026/01/20 09:28:31 cache.go:210: [32mCACHE[0m Cache Entry for Table [Sausage] added with Key [Bum2], expiry [2026-01-20T09:58:46.716394Z] 30 minutes from now
2026/01/20 09:28:31 cache.go:210: [32mCACHE[0m Cache Entry for Table [Sausage] added with Key [Bum3], expiry [2026-01-20T09:58:46.716422Z] 30 minutes from now
2026/01/20 09:28:31 cache.go:210: [32mCACHE[0m Cache Entry for Table [Sausage] added with Key [Bum4], expiry [2026-01-20T09:58:46.716446Z] 30 minutes from now
2026/01/20 09:28:31 cache.go:210: [32mCACHE[0m Cache Entry for Table [Supper] added with Key [Foo], expiry [2125-12-27T09:28:31.716619Z] a long while from now
2026/01/20 09:28:31 cache.go:210: [32mCACHE[0m Cache Entry for Table [TemplateStore] added with Key [8678336a5df3d64633ba484cfe113427045b8e469cd24d678fad8fffcded4551], expiry [2026-01-20T09:28:32.719439Z] now
2026/01/20 09:28:31 cache.go:210: [32mCACHE[0m Cache Entry for Table [TemplateStore] added with Key [df9df7e5809060ff132f34b3542a818735dfa1c3b271da23b8f6caaa28cdccb4], expiry [2026-01-20T09:28:33.720091Z] 1 second from now
2026/01/20 09:28:31 cache.go:210: [32mCACHE[0m Cache Entry for Table [TemplateStore] added with Key [4ab966e725dd7b2aa6b7a4bce2e2baa6caa8a8771676ef0aa578e5c8c6d1a992], expiry [2026-01-20T09:28:33.720261Z] 1 second from now
2026/01/20 09:28:32 cache.go:210: [32mCACHE[0m Cache Entry for Table [Sausage] added with Key [Bum], expiry [2026-01-20T09:58:47.23353Z] 30 minutes from now
2026/01/20 09:28:32 cache.go:210: [32mCACHE[0m Cache Entry for Table [Sausage] added with Key [Bum2], expiry [2026-01-20T09:58:47.233636Z] 30 minutes from now
2026/01/20 09:28:32 cache.go:210: [32mCACHE[0m Cache Entry for Table [Sausage] added with Key [Bum3], expiry [2026-01-20T09:58:47.233664Z] 30 minutes from now
2026/01/20 09:28:32 cache.go:210: [32mCACHE[0m Cache Entry for Table [Sausage] added with Key [Bum4], expiry [2026-01-20T09:58:47.233687Z] 30 minutes from now
2026/01/20 09:28:32 cache.go:210: [32mCACHE[0m Cache Entry for Table [Supper] added with Key [Foo], expiry [2125-12-27T09:28:32.233873Z] a long while from now
2026/01/20 09:28:32 cache.go:210: [32mCACHE[0m Cache Entry for Table [TemplateStore] added with Key [1af1cc53cec194632aafbc2aba82b4006dac938490c55d2c6470b0d9489bc45a], expiry [2026-01-20T09:28:33.275404Z] now
2026/01/20 09:28:32 cache.go:210: [32mCACHE[0m Cache Entry for Table [TemplateStore] added with Key [bd545e22cdd1fe118fcef32003ae2997ba857c96102692f8e4c5e36069ef6be5], expiry [2026-01-20T09:28:34.27621Z] 1 second from now
2026/01/20 09:28:32 cache.go:210: [32mCACHE[0m Cache Entry for Table [TemplateStore] added with Key [f65738296756d6071f24b0beae644d043e8ffa433276f4c6267b2e0941352980], expiry [2026-01-20T09:28:34.276382Z] 1 second from now
2026/01/20 09:28:32 cache.go:210: [32mCACHE[0m Cache Entry for Table [Sausage] added with Key [Bum], expiry [2026-01-20T09:58:47.695481Z] 30 minutes from now
2026/01/20 09:28:32 cache.go:210: [32mCACHE[0m Cache Entry for Table [Sausage] added with Key [Bum2], expiry [2026-01-20T09:58:47.695568Z] 30 minutes from now
2026/01/20 09:28:32 cache.go:210: [32mCACHE[0m Cache Entry for Table [Sausage] added with Key [Bum3], expiry [2026-01-20T09:58:47.695596Z] 30 minutes from now
2026/01/20 09:28:32 cache.go:210: [32mCACHE[0m Cache Entry for Table [Sausage] added with Key [Bum4], expiry [2026-01-20T09:58:47.695628Z] 30 minutes from now
2026/01/20 09:28:32 cache.go:210: [32mCACHE[0m Cache Entry for Table [Supper] added with Key [Foo], expiry [2125-12-27T09:28:32.695803Z] a long while from now
2026/01/20 09:28:32 cache.go:210: [32mCACHE[0m Cache Entry for Table [TemplateStore] added with Key [f00d110f822acc033f4fbbed3aa1e3c25d73071336b0aeb61aef6c04615e5109], expiry [2026-01-20T09:28:33.698767Z] now
2026/01/20 09:28:32 cache.go:210: [32mCACHE[0m Cache Entry for Table [TemplateStore] added with Key [060ba6bac09437421058482b6a0de75d48bd9f282c3c63b9c4a6e23fb182b157], expiry [2026-01-20T09:28:34.699987Z] 1 second from now
2026/01/20 09:28:32 cache.go:210: [32mCACHE[0m Cache Entry for Table [TemplateStore] added with Key [8534f362e908a886bef62677590d00a0406b32fd21ab813d9be7d8e75ac89838], expiry [2026-01-20T09:28:34.700172Z] 1 second from now
2026/01/20 09:28:33 cache.go:210: [32mCACHE[0m Cache Entry for Table [Sausage] added with Key [Bum], expiry [2026-01-20T09:58:48.204433Z] 30 minutes from now
2026/01/20 09:28:33 cache.go:210: [32mCACHE[0m Cache Entry for Table [Sausage] added with Key [Bum2], expiry [2026-01-20T09:58:48.204516Z] 30 minutes from now
2026/01/20 09:28:33 cache.go:210: [32mCACHE[0m Cache Entry for Table [Sausage] added with Key [Bum3], expiry [2026-01-20T09:58:48.204555Z] 30 minutes from now
2026/01/20 09:28:33 cache.go:210: [32mCACHE[0m Cache Entry for Table [Sausage] added with Key [Bum4], expiry [2026-01-20T09:58:48.204581Z] 30 minutes from now
2026/01/20 09:28:33 cache.go:210: [32mCACHE[0m Cache Entry for Table [Supper] added with Key [Foo], expiry [2125-12-27T09:28:33.204757Z] a long while from now
2026/01/20 09:28:33 cache.go:210: [32mCACHE[0m Cache Entry for Table [TemplateStore] added with Key [f3d157c7dfef2cd342561f08b85979ec992345e005549461667beadb411d9426], expiry [2026-01-20T09:28:34.207704Z] now
2026/01/20 09:28:33 cache.go:210: [32mCACHE[0m Cache Entry for Table [TemplateStore] added with Key [5a4692c1e7705b5ac8f9489d8110b89867e187f035d79f7ee8433ec6d72deb84], expiry [2026-01-20T09:28:35.2084Z] 1 second from now
2026/01/20 09:28:33 cache.go:210: [32mCACHE[0m Cache Entry for Table [TemplateStore] added with Key [8b4335b2c3093068714275092942b06f740bb442fb21d79a1490697a48bbb5c5], expiry [2026-01-20T09:28:35.208567Z] 1 second from now
2026/01/20 09:28:33 cache.go:210: [32mCACHE[0m Cache Entry for Table [Sausage] added with Key [Bum], expiry [2026-01-20T09:58:48.711257Z] 30 minutes from now
2026/01/20 09:28:33 cache.go:210: [32mCACHE[0m Cache Entry for Table [Sausage] added with Key [Bum2], expiry [2026-01-20T09:58:48.711381Z] 30 minutes from now
2026/01/20 09:28:33 cache.go:210: [32mCACHE[0m Cache Entry for Table [Sausage] added with Key [Bum3], expiry [2026-01-20T09:58:48.711417Z] 30 minutes from now
2026/01/20 09:28:33 cache.go:210: [32mCACHE[0m Cache Entry for Table [Sausage] added with Key [Bum4], expiry [2026-01-20T09:58:48.711445Z] 30 minutes from now
2026/01/20 09:28:33 cache.go:210: [32mCACHE[0m Cache Entry for Table [Supper] added with Key [Foo], expiry [2125-12-27T09:28:33.711619Z] a long while from now
2026/01/20 09:28:33 cache.go:210: [32mCACHE[0m Cache Entry for Table [TemplateStore] added with Key [e15c602cdd68dd87fbd9176e2a9bf622a771d82a8485d045632a0c9bce2186cf], expiry [2026-01-20T09:28:34.714288Z] now
2026/01/20 09:28:33 cache.go:210: [32mCACHE[0m Cache Entry for Table [TemplateStore] added with Key [73ffa9d98fc9a814042d1b13064b40ea50ea170f2c0600e5a09897706f835426], expiry [2026-01-20T09:28:35.715068Z] 1 second from now
2026/01/20 09:28:33 cache.go:210: [32mCACHE[0m Cache Entry for Table [TemplateStore] added with Key [6ef9abd33a643ba47482705c48bd410575ddfdde2379412c265233bc32284d2b], expiry [2026-01-20T09:28:35.715241Z] 1 second from now
2026/01/20 09:28:34 cache.go:210: [32mCACHE[0m Cache Entry for Table [Sausage] added with Key [Bum], expiry [2026-01-20T09:58:49.1831Z] 30 minutes from now
2026/01/20 09:28:34 cache.go:210: [32mCACHE[0m Cache Entry for Table [Sausage] added with Key [Bum2], expiry [2026-01-20T09:58:49.183187Z] 30 minutes from now
2026/01/20 09:28:34 cache.go:210: [32mCACHE[0m Cache Entry for Table [Sausage] added with Key [Bum3], expiry [2026-01-20T09:58:49.183222Z] 30 minutes from now
2026/01/20 09:28:34 cache.go:210: [32mCACHE[0m Cache Entry for Table [Sausage] added with Key [Bum4], expiry [2026-01-20T09:58:49.183248Z] 30 minutes from now
2026/01/20 09:28:34 cache.go:210: [32mCACHE[0m Cache Entry for Table [Supper] added with Key [Foo], expiry [2125-12-27T09:28:34.183425Z] a long while from now
2026/01/20 09:28:34 cache.go:210: [32mCACHE[0m Cache Entry for Table [TemplateStore] added with Key [e4e2d38d437e89891c3a899dc395856b6acb9a1d3da994b68d6ab448284d6111], expiry [2026-01-20T09:28:35.186512Z] now
2026/01/20 09:28:34 cache.go:210: [32mCACHE[0m Cache Entry for Table [TemplateStore] added with Key [58b55490da56c66e8437cf36e4584dfe408aa8c0712c33a3baad1d731dbb5864], expiry [2026-01-20T09:28:36.187314Z] 1 second from now
2026/01/20 09:28:34 cache.go:210: [32mCACHE[0m Cache Entry for Table [TemplateStore] added with Key [8290507b9c3a31c9df76a00b3743d40e871d07027ffe243b1b61a31853eaf138], expiry [2026-01-20T09:28:36.187482Z] 1 second from now
2026/01/20 09:28:34 cache.go:210: [32mCACHE[0m Cache Entry for Table [Sausage] added with Key [Bum], expiry [2026-01-20T09:58:49.631715Z] 30 minutes from now
2026/01/20 09:28:34 cache.go:210: [32mCACHE[0m Cache Entry for Table [Sausage] added with Key [Bum2], expiry [2026-01-20T09:58:49.631813Z] 30 minutes from now
2026/01/20 09:28:34 cache.go:210: [32mCACHE[0m Cache Entry for Table [Sausage] added with Key [Bum3], expiry [2026-01-20T09:58:49.631865Z] 30 minutes from now
2026/01/20 09:28:34 cache.go:210: [32mCACHE[0m Cache Entry for Table [Sausage] added with Key [Bum4], expiry [2026-01-20T09:58:49.631912Z] 30 minutes from now
2026/01/20 09:28:34 cache.go:210: [32mCACHE[0m Cache Entry for Table [Supper] added with Key [Foo], expiry [2125-12-27T09:28:34.632133Z] a long while from now
2026/01/20 09:28:34 cache.go:210: [32mCACHE[0m Cache Entry for Table [TemplateStore] added with Key [83c3cab8010f918ee6c072d46c771bcf274ae109f372257271bc940570c0078b], expiry [2026-01-20T09:28:35.635517Z] now
2026/01/20 09:28:34 cache.go:210: [32mCACHE[0m Cache Entry for Table [TemplateStore] added with Key [dea6fce30e11146aa85e0733450bb4b1b0fc925da1aed56062328cbc79f102ff], expiry [2026-01-20T09:28:36.636537Z] 1 second from now
2026/01/20 09:28:34 cache.go:210: [32mCACHE[0m Cache Entry for Table [TemplateStore] added with Key [dac5672cf444dbc163843f8b5b31d3daf945f0c3938460d3573679a1640e9d6e], expiry [2026-01-20T09:28:36.636717Z] 1 second from now
2026/01/20 09:28:35 cache.go:210: [32mCACHE[0m Cache Entry for Table [Sausage] added with Key [Bum], expiry [2026-01-20T09:58:50.113659Z] 30 minutes from now
2026/01/20 09:28:35 cache.go:210: [32mCACHE[0m Cache Entry for Table [Sausage] added with Key [Bum2], expiry [2026-01-20T09:58:50.113739Z] 30 minutes from now
2026/01/20 09:28:35 cache.go:210: [32mCACHE[0m Cache Entry for Table [Sausage] added with Key [Bum3], expiry [2026-01-20T09:58:50.113771Z] 30 minutes from now
2026/01/20 09:28:35 cache.go:210: [32mCACHE[0m Cache Entry for Table [Sausage] added with Key [Bum4], expiry [2026-01-20T09:58:50.113796Z] 30 minutes from now
2026/01/20 09:28:35 cache.go:210: [32mCACHE[0m Cache Entry for Table [Supper] added with Key [Foo], expiry [2125-12-27T09:28:35.114094Z] a long while from now
2026/01/20 09:28:35 cache.go:210: [32mCACHE[0m Cache Entry for Table [TemplateStore] added with Key [3687790ddd5c58b9327889d3a36c35285daefe19f9ce722506b3ab3d2ee93c65], expiry [2026-01-20T09:28:36.117312Z] now
2026/01/20 09:28:35 cache.go:210: [32mCACHE[0m Cache Entry for Table [TemplateStore] added with Key [db082a2e40dadfa5426e5ed2f18ed3c7bf1d9e4f058bcc8716b2110ad28a18d7], expiry [2026-01-20T09:28:37.118266Z] 1 second from now
2026/01/20 09:28:35 cache.go:210: [32mCACHE[0m Cache Entry for Table [TemplateStore] added with Key [4210452cdc7800c29f717e59392b703efb53352b2371a63f7f4376dac2811c5d], expiry [2026-01-20T09:28:37.118449Z] 1 second from now
2026/01/20 09:28:35 cache.go:210: [32mCACHE[0m Cache Entry for Table [Sausage] added with Key [Bum], expiry [2026-01-20T09:58:50.608109Z] 30 minutes from now
2026/01/20 09:28:35 cache.go:210: [32mCACHE[0m Cache Entry for Table [Sausage] added with Key [Bum2], expiry [2026-01-20T09:58:50.608182Z] 30 minutes from now
2026/01/20 09:28:35 cache.go:210: [32mCACHE[0m Cache Entry for Table [Sausage] added with Key [Bum3], expiry [2026-01-20T09:58:50.608215Z] 30 minutes from now
2026/01/20 09:28:35 cache.go:210: [32mCACHE[0m Cache Entry for Table [Sausage] added with Key [Bum4], expiry [2026-01-20T09:58:50.608238Z] 30 minutes from now
2026/01/20 09:28:35 cache.go:210: [32mCACHE[0m Cache Entry for Table [Supper] added with Key [Foo], expiry [2125-12-27T09:28:35.608455Z] a long while from now
2026/01/20 09:28:35 cache.go:210: [32mCACHE[0m Cache Entry for Table [TemplateStore] added with Key [fb16106172779013b6f479c3d9c7e75a58d46a2d4bf392a82ec7b0b22c5787c5], expiry [2026-01-20T09:28:36.611213Z] now
2026/01/20 09:28:35 cache.go:210: [32mCACHE[0m Cache Entry for Table [TemplateStore] added with Key [f346bf552ce529d62c04a45be295a9d31bb605d97ca995914f66fd3ace3da8ae], expiry [2026-01-20T09:28:37.611972Z] 1 second from now
2026/01/20 09:28:35 cache.go:210: [32mCACHE[0m Cache Entry for Table [TemplateStore] added with Key [31f0c941b8bef6c102cab215f516dd017db97315523dc5b8dc55643642df2dcc], expiry [2026-01-20T09:28:37.61214Z] 1 second from now
2026/01/20 09:28:36 cache.go:210: [32mCACHE[0m Cache Entry for Table [Sausage] added with Key [Bum], expiry [2026-01-20T09:58:51.149226Z] 30 minutes from now
2026/01/20 09:28:36 cache.go:210: [32mCACHE[0m Cache Entry for Table [Sausage] added with Key [Bum2], expiry [2026-01-20T09:58:51.14935Z] 30 minutes from now
2026/01/20 09:28:36 cache.go:210: [32mCACHE[0m Cache Entry for Table [Sausage] added with Key [Bum3], expiry [2026-01-20T09:58:51.149382Z] 30 minutes from now
2026/01/20 09:28:36 cache.go:210: [32mCACHE[0m Cache Entry for Table [Sausage] added with Key [Bum4], expiry [2026-01-20T09:58:51.149408Z] 30 minutes from now
2026/01/20 09:28:36 cache.go:210: [32mCACHE[0m Cache Entry for Table [Supper] added with Key [Foo], expiry [2125-12-27T09:28:36.149592Z] a long while from now
2026/01/20 09:28:36 cache.go:210: [32mCACHE[0m Cache Entry for Table [TemplateStore] added with Key [9afabc3ae62210d1be44db936b13797d83e8047f1ee37155f8bc540219838adf], expiry [2026-01-20T09:28:37.152546Z] now
2026/01/20 09:28:36 cache.go:210: [32mCACHE[0m Cache Entry for Table [TemplateStore] added with Key [1993d08b3b7dcb8d14d43d3cd156ce01a03eb8c0d8879bef243dbce1f0d61503], expiry [2026-01-20T09:28:38.153415Z] 1 second from now
2026/01/20 09:28:36 cache.go:210: [32mCACHE[0m Cache Entry for Table [TemplateStore] added with Key [6daa9ba8901b6ff058a5ce7cabfafdb40b653b68949d7fc02073d9d809216659], expiry [2026-01-20T09:28:38.153625Z] 1 second from now
2026/01/20 09:28:36 cache.go:210: [32mCACHE[0m Cache Entry for Table [Sausage] added with Key [Bum], expiry [2026-01-20T09:58:51.620176Z] 30 minutes from now
2026/01/20 09:28:36 cache.go:210: [32mCACHE[0m Cache Entry for Table [Sausage] added with Key [Bum2], expiry [2026-01-20T09:58:51.620245Z] 30 minutes from now
2026/01/20 09:28:36 cache.go:210: [32mCACHE[0m Cache Entry for Table [Sausage] added with Key [Bum3], expiry [2026-01-20T09:58:51.62027Z] 30 minutes from now
2026/01/20 09:28:36 cache.go:210: [32mCACHE[0m Cache Entry for Table [Sausage] added with Key [Bum4], expiry [2026-01-20T09:58:51.6203Z] 30 minutes from now
2026/01/20 09:28:36 cache.go:210: [32mCACHE[0m Cache Entry for Table [Supper] added with Key [Foo], expiry [2125-12-27T09:28:36.620507Z] a long while from now
2026/01/20 09:28:36 cache.go:210: [32mCACHE[0m Cache Entry for Table [TemplateStore] added with Key [d3cf9661b003a8aa9f0a5f8837d3877e8c9681956e48b3580ea5019a14836ce3], expiry [2026-01-20T09:28:37.623409Z] now
2026/01/20 09:28:36 cache.go:210: [32mCACHE[0m Cache Entry for Table [TemplateStore] added with Key [230c1469ff6d6e2c3b67b4eac9d0ab7f6d1c98866d56ec86184231e0d49136dd], expiry [2026-01-20T09:28:38.624256Z] 1 second from now
2026/01/20 09:28:36 cache.go:210: [32mCACHE[0m Cache Entry for Table [TemplateStore] added with Key [328ae5c171c1ff597e4f2087e5dc5131c8bd1ec31bb6e73625e7d7a6d159a305], expiry [2026-01-20T09:28:38.624433Z] 1 second from now
2026/01/20 09:28:37 cache.go:210: [32mCACHE[0m Cache Entry for Table [Sausage] added with Key [Bum], expiry [2026-01-20T09:58:52.096505Z] 30 minutes from now
2026/01/20 09:28:37 cache.go:210: [32mCACHE[0m Cache Entry for Table [Sausage] added with Key [Bum2], expiry [2026-01-20T09:58:52.096579Z] 30 minutes from now
2026/01/20 09:28:37 cache.go:210: [32mCACHE[0m Cache Entry for Table [Sausage] added with Key [Bum3], expiry [2026-01-20T09:58:52.096609Z] 30 minutes from now
2026/01/20 09:28:37 cache.go:210: [32mCACHE[0m Cache Entry for Table [Sausage] added with Key [Bum4], expiry [2026-01-20T09:58:52.09664Z] 30 minutes from now
2026/01/20 09:28:37 cache.go:210: [32mCACHE[0m Cache Entry for Table [Supper] added with Key [Foo], expiry [2125-12-27T09:28:37.096868Z] a long while from now
2026/01/20 09:28:37 cache.go:210: [32mCACHE[0m Cache Entry for Table [TemplateStore] added with Key [389436318cc574d72527fb9b3fc3da8fb30cf38d0b3a819fa47c8ea06fc00f24], expiry [2026-01-20T09:28:38.099863Z] now
2026/01/20 09:28:37 cache.go:210: [32mCACHE[0m Cache Entry for Table [TemplateStore] added with Key [b544c810d653effc6fcd01a672d0c22caff3c532a8a6f6a9ca291da34f0ab85c], expiry [2026-01-20T09:28:39.10097Z] 1 second from now
2026/01/20 09:28:37 cache.go:210: [32mCACHE[0m Cache Entry for Table [TemplateStore] added with Key [d17dace44736fb02cfedc187c1fcce8591f1c4d7697fc863e6479a5548b9d118], expiry [2026-01-20T09:28:39.101165Z] 1 second from now
2026/01/24 09:56:57 cache.go:210: [32mCACHE[0m Cache Entry for Table [Sausage] added with Key [Bum], expiry [2026-01-24T10:27:12.798319Z] 30 minutes from now
2026/01/24 09:56:57 cache.go:210: [32mCACHE[0m Cache Entry for Table [Sausage] added with Key [Bum2], expiry [2026-01-24T10:27:12.799788Z] 30 minutes from now
2026/01/24 09:56:57 cache.go:210: [32mCACHE[0m Cache Entry for Table [Sausage] added with Key [Bum3], expiry [2026-01-24T10:27:12.79984Z] 30 minutes from now
2026/01/24 09:56:57 cache.go:210: [32mCACHE[0m Cache Entry for Table [Sausage] added with Key [Bum4], expiry [2026-01-24T10:27:12.799901Z] 30 minutes from now
2026/01/24 09:56:57 cache.go:210: [32mCACHE[0m Cache Entry for Table [Supper] added with Key [Foo], expiry [2125-12-31T09:56:57.800115Z] a long while from now
2026/01/24 09:56:57 cache.go:210: [32mCACHE[0m Cache Entry for Table [TemplateStore] added with Key [4643a6a0875e9d579c430fe8436fa0d165bff572c836c6d02c685162aa2d3b91], expiry [2026-01-24T09:56:58.80837Z] now
2026/01/24 09:56:57 cache.go:210: [32mCACHE[0m Cache Entry for Table [TemplateStore] added with Key [055ee1b10b22d4f782968f1606c8db11f5f39aa93a31ebfa321ce18cc1ec109c], expiry [2026-01-24T09:56:59.814283Z] 1 second from now
2026/01/24 09:56:57 cache.go:210: [32mCACHE[0m Cache Entry for Table [TemplateStore] added with Key [424b9e5047340c8ee8ab80a6264e53860113118d497e6a24f33fa5035da6d875], expiry [2026-01-24T09:56:59.814532Z] 1 second from now
2026/01/24 10:01:14 cache.go:210: [32mCACHE[0m Cache Entry for Table [Sausage] added with Key [Bum], expiry [2026-01-24T10:31:29.483573Z] 30 minutes from now
2026/01/24 10:01:14 cache.go:210: [32mCACHE[0m Cache Entry for Table [Sausage] added with Key [Bum2], expiry [2026-01-24T10:31:29.484762Z] 30 minutes from now
2026/01/24 10:01:14 cache.go:210: [32mCACHE[0m Cache Entry for Table [Sausage] added with Key [Bum3], expiry [2026-01-24T10:31:29.484793Z] 30 minutes from now
2026/01/24 10:01:14 cache.go:210: [32mCACHE[0m Cache Entry for Table [Sausage] added with Key [Bum4], expiry [2026-01-24T10:31:29.484818Z] 30 minutes from now
2026/01/24 10:01:14 cache.go:210: [32mCACHE[0m Cache Entry for Table [Supper] added with Key [Foo], expiry [2125-12-31T10:01:14.485097Z] a long while from now
2026/01/24 10:01:14 cache.go:210: [32mCACHE[0m Cache Entry for Table [TemplateStore] added with Key [50987743752a136efb4b3baee890b4de858656ebf1c85ff13668dd95dfcfe447], expiry [2026-01-24T10:01:15.489207Z] now
2026/01/24 10:01:14 cache.go:210: [32mCACHE[0m Cache Entry for Table [TemplateStore] added with Key [43b674da488c8cd162e4a6926012a71ae8ce11fe7372e201d65cc7df55ed1640], expiry [2026-01-24T10:01:16.500017Z] 1 second from now
2026/01/24 10:01:14 cache.go:210: [32mCACHE[0m Cache Entry for Table [TemplateStore] added with Key [12618ed795155a543eceb8faddf598eaaa4900886134b5f8276510b4bca1b64d], expiry [2026-01-24T10:01:16.500258Z] 1 second from now
2026/01/24 10:05:55 cache.go:210: [32mCACHE[0m Cache Entry for Table [Sausage] added with Key [Bum], expiry [2026-01-24T10:36:10.914769Z] 30 minutes from now
2026/01/24 10:05:55 cache.go:210: [32mCACHE[0m Cache Entry for Table [Sausage] added with Key [Bum2], expiry [2026-01-24T10:36:10.91632Z] 30 minutes from now
2026/01/24 10:05:55 cache.go:210: [32mCACHE[0m Cache Entry for Table [Sausage] added with Key [Bum3], expiry [2026-01-24T10:36:10.916353Z] 30 minutes from now
2026/01/24 10:05:55 cache.go:210: [32mCACHE[0m Cache Entry for Table [Sausage] added with Key [Bum4], expiry [2026-01-24T10:36:10.916377Z] 30 minutes from now
2026/01/24 10:05:55 cache.go:210: [32mCACHE[0m Cache Entry for Table [Supper] added with Key [Foo], expiry [2125-12-31T10:05:55.916575Z] a long while from now
2026/01/24 10:05:55 cache.go:210: [32mCACHE[0m Cache Entry for Table [TemplateStore] added with Key [070d6d41efe8aeb182e25b8cefe8ab56249d93c4d11401f42ce8e4f7a12e2f31], expiry [2026-01-24T10:05:56.920753Z] now
2026/01/24 10:05:55 cache.go:210: [32mCACHE[0m Cache Entry for Table [TemplateStore] added with Key [070d6d41efe8aeb182e25b8cefe8ab56249d93c4d11401f42ce8e4f7a12e2f31], expiry [2026-01-24T10:05:57.961623Z] 1 second from now
2026/01/24 10:05:55 templateStoreV2Cache.go:70: [32mCACHE[0m Sync cache for TemplateStore Key: 070d6d41efe8aeb182e25b8cefe8ab56249d93c4d11401f42ce8e4f7a12e2f31
2026/01/24 10:05:55 cache.go:210: [32mCACHE[0m Cache Entry for Table [TemplateStore] added with Key [3d0207ed6c6b9036eac6e91e7c4b1578e2b74afadaddf2935cef2818dd55f810], expiry [2026-01-24T10:05:57.961972Z] 1 second from now
2026/01/24 10:05:55 cache.go:210: [32mCACHE[0m Cache Entry for Table [TemplateStore] added with Key [070d6d41efe8aeb182e25b8cefe8ab56249d93c4d11401f42ce8e4f7a12e2f31], expiry [2026-01-24T10:05:57.962129Z] 1 second from now
2026/01/24 10:05:55 cache.go:210: [32mCACHE[0m Cache Entry for Table [TemplateStore] added with Key [070d6d41efe8aeb182e25b8cefe8ab56249d93c4d11401f42ce8e4f7a12e2f31], expiry [2026-01-24T10:05:57.962143Z] 1 second from now
2026/01/24 10:05:55 templateStoreV2Cache.go:64: [32mCACHE[0m Sync cache for TemplateStore Key: 070d6d41efe8aeb182e25b8cefe8ab56249d93c4d11401f42ce8e4f7a12e2f31
2026/01/24 10:05:55 cache.go:210: [32mCACHE[0m Cache Entry for Table [TemplateStore] added with Key [070d6d41efe8aeb182e25b8cefe8ab56249d93c4d11401f42ce8e4f7a12e2f31], expiry [2026-01-24T10:05:57.962359Z] 1 second from now
2026/01/24 10:05:55 templateStoreV2Cache.go:70: [32mCACHE[0m Sync cache for TemplateStore Key: 070d6d41efe8aeb182e25b8cefe8ab56249d93c4d11401f42ce8e4f7a12e2f31
2026/01/24 10:05:55 cache.go:210: [32mCACHE[0m Cache Entry for Table [TemplateStore] added with Key [070d6d41efe8aeb182e25b8cefe8ab56249d93c4d11401f42ce8e4f7a12e2f31], expiry [2026-01-24T10:05:57.962618Z] 1 second from now
2026/01/24 10:05:55 templateStoreV2Cache.go:70: [32mCACHE[0m Sync cache for TemplateStore Key: 070d6d41efe8aeb182e25b8cefe8ab56249d93c4d11401f42ce8e4f7a12e2f31
2026/01/24 10:05:55 cache.go:210: [32mCACHE[0m Cache Entry for Table [TemplateStore] added with Key [070d6d41efe8aeb182e25b8cefe8ab56249d93c4d11401f42ce8e4f7a12e2f31], expiry [2026-01-24T10:05:57.962962Z] 1 second from now
2026/01/24 10:05:55 templateStoreV2Cache.go:70: [32mCACHE[0m Sync cache for TemplateStore Key: 070d6d41efe8aeb182e25b8cefe8ab56249d93c4d11401f42ce8e4f7a12e2f31
2026/01/24 10:05:55 cache.go:210: [32mCACHE[0m Cache Entry for Table [TemplateStore] added with Key [070d6d41efe8aeb182e25b8cefe8ab56249d93c4d11401f42ce8e4f7a12e2f31], expiry [2026-01-24T10:05:57.963207Z] 1 second from now
2026/01/24 10:05:55 templateStoreV2Cache.go:70: [32mCACHE[0m Sync cache for TemplateStore Key: 070d6d41efe8aeb182e25b8cefe8ab56249d93c4d11401f42ce8e4f7a12e2f31
2026/01/24 10:07:54 cache.go:210: [32mCACHE[0m Cache Entry for Table [Sausage] added with Key [Bum], expiry [2026-01-24T10:38:09.505632Z] 30 minutes from now
2026/01/24 10:07:54 cache.go:210: [32mCACHE[0m Cache Entry for Table [Sausage] added with Key [Bum2], expiry [2026-01-24T10:38:09.506164Z] 30 minutes from now
2026/01/24 10:07:54 cache.go:210: [32mCACHE[0m Cache Entry for Table [Sausage] added with Key [Bum3], expiry [2026-01-24T10:38:09.506209Z] 30 minutes from now
2026/01/24 10:07:54 cache.go:210: [32mCACHE[0m Cache Entry for Table [Sausage] added with Key [Bum4], expiry [2026-01-24T10:38:09.506272Z] 30 minutes from now
2026/01/24 10:07:54 cache.go:210: [32mCACHE[0m Cache Entry for Table [Supper] added with Key [Foo], expiry [2125-12-31T10:07:54.506471Z] a long while from now
2026/01/24 10:07:54 cache.go:210: [32mCACHE[0m Cache Entry for Table [TemplateStore] added with Key [2cbb682ceb648a320e5baf42afc9b7c72f72d427f265c4ddb6a62fc1cd1e4877], expiry [2026-01-24T10:07:55.598462Z] now
2026/01/24 10:07:54 cache.go:210: [32mCACHE[0m Cache Entry for Table [TemplateStore] added with Key [2cbb682ceb648a320e5baf42afc9b7c72f72d427f265c4ddb6a62fc1cd1e4877], expiry [2026-01-24T10:07:56.632995Z] 1 second from now
2026/01/24 10:07:54 templateStoreV2Cache.go:70: [32mCACHE[0m Sync cache for TemplateStore Key: 2cbb682ceb648a320e5baf42afc9b7c72f72d427f265c4ddb6a62fc1cd1e4877
2026/01/24 10:07:54 cache.go:210: [32mCACHE[0m Cache Entry for Table [TemplateStore] added with Key [c2652634fed8790b5ee675388ff88a521cc63b175216171ac7afb5b661e1314f], expiry [2026-01-24T10:07:56.633265Z] 1 second from now
2026/01/24 10:07:54 cache.go:210: [32mCACHE[0m Cache Entry for Table [TemplateStore] added with Key [2cbb682ceb648a320e5baf42afc9b7c72f72d427f265c4ddb6a62fc1cd1e4877], expiry [2026-01-24T10:07:56.633335Z] 1 second from now
2026/01/24 10:07:54 templateStoreV2Cache.go:70: [32mCACHE[0m Sync cache for TemplateStore Key: 2cbb682ceb648a320e5baf42afc9b7c72f72d427f265c4ddb6a62fc1cd1e4877
2026/01/24 10:07:54 cache.go:210: [32mCACHE[0m Cache Entry for Table [TemplateStore] added with Key [2cbb682ceb648a320e5baf42afc9b7c72f72d427f265c4ddb6a62fc1cd1e4877], expiry [2026-01-24T10:07:56.63344Z] 1 second from now
2026/01/24 10:07:54 cache.go:210: [32mCACHE[0m Cache Entry for Table [TemplateStore] added with Key [2cbb682ceb648a320e5baf42afc9b7c72f72d427f265c4ddb6a62fc1cd1e4877], expiry [2026-01-24T10:07:56.633612Z] 1 second from now
2026/01/24 10:07:54 templateStoreV2Cache.go:70: [32mCACHE[0m Sync cache for TemplateStore Key: 2cbb682ceb648a320e5baf42afc9b7c72f72d427f265c4ddb6a62fc1cd1e4877
2026/01/24 10:07:54 cache.go:210: [32mCACHE[0m Cache Entry for Table [TemplateStore] added with Key [2cbb682ceb648a320e5baf42afc9b7c72f72d427f265c4ddb6a62fc1cd1e4877], expiry [2026-01-24T10:07:56.633796Z] 1 second from now
2026/01/24 10:07:54 templateStoreV2Cache.go:70: [32mCACHE[0m Sync cache for TemplateStore Key: 2cbb682ceb648a320e5baf42afc9b7c72f72d427f265c4ddb6a62fc1cd1e4877
2026/01/24 10:07:54 cache.go:210: [32mCACHE[0m Cache Entry for Table [TemplateStore] added with Key [2cbb682ceb648a320e5baf42afc9b7c72f72d427f265c4ddb6a62fc1cd1e4877], expiry [2026-01-24T10:07:56.633996Z] 1 second from now
2026/01/24 10:30:03 cache.go:210: [32mCACHE[0m Cache Entry for Table [Sausage] added with Key [Bum], expiry [2026-01-24T11:00:18.633041Z] 30 minutes from now
2026/01/24 10:30:03 cache.go:210: [32mCACHE[0m Cache Entry for Table [Sausage] added with Key [Bum2], expiry [2026-01-24T11:00:18.633529Z] 30 minutes from now
2026/01/24 10:30:03 cache.go:210: [32mCACHE[0m Cache Entry for Table [Sausage] added with Key [Bum3], expiry [2026-01-24T11:00:18.633552Z] 30 minutes from now
2026/01/24 10:30:03 cache.go:210: [32mCACHE[0m Cache Entry for Table [Sausage] added with Key [Bum4], expiry [2026-01-24T11:00:18.633582Z] 30 minutes from now
2026/01/24 10:30:03 cache.go:210: [32mCACHE[0m Cache Entry for Table [Supper] added with Key [Foo], expiry [2125-12-31T10:30:03.633795Z] a long while from now
2026/01/24 10:30:03 cache.go:210: [32mCACHE[0m Cache Entry for Table [TemplateStore] added with Key [6dc8e1c919dc959087589f074b38ccfd9999f9ac9e0d72d666d4656b9d1ded99], expiry [2026-01-24T10:30:04.713455Z] now
2026/01/24 10:30:03 cache.go:210: [32mCACHE[0m Cache Entry for Table [TemplateStore] added with Key [6dc8e1c919dc959087589f074b38ccfd9999f9ac9e0d72d666d4656b9d1ded99], expiry [2026-01-24T10:30:05.753578Z] 1 second from now
2026/01/24 10:30:03 templateStoreV2Cache.go:70: [32mCACHE[0m Sync cache for TemplateStore Key: 6dc8e1c919dc959087589f074b38ccfd9999f9ac9e0d72d666d4656b9d1ded99
2026/01/24 10:30:03 cache.go:210: [32mCACHE[0m Cache Entry for Table [TemplateStore] added with Key [2daf0343db14829dc27bbd7f52e7893b4c329ee4148f62a6216276835eb7ce0e], expiry [2026-01-24T10:30:05.753871Z] 1 second from now
2026/01/24 10:30:03 cache.go:210: [32mCACHE[0m Cache Entry for Table [TemplateStore] added with Key [6dc8e1c919dc959087589f074b38ccfd9999f9ac9e0d72d666d4656b9d1ded99], expiry [2026-01-24T10:30:05.754051Z] 1 second from now
2026/01/24 10:30:03 cache.go:210: [32mCACHE[0m Cache Entry for Table [TemplateStore] added with Key [6dc8e1c919dc959087589f074b38ccfd9999f9ac9e0d72d666d4656b9d1ded99], expiry [2026-01-24T10:30:05.754072Z] 1 second from now
2026/01/24 10:30:03 templateStoreV2Cache.go:64: [32mCACHE[0m Sync cache for TemplateStore Key: 6dc8e1c919dc959087589f074b38ccfd9999f9ac9e0d72d666d4656b9d1ded99
2026/01/24 10:30:03 cache.go:210: [32mCACHE[0m Cache Entry for Table [TemplateStore] added with Key [6dc8e1c919dc959087589f074b38ccfd9999f9ac9e0d72d666d4656b9d1ded99], expiry [2026-01-24T10:30:05.754365Z] 1 second from now
2026/01/24 10:30:03 templateStoreV2Cache.go:70: [32mCACHE[0m Sync cache for TemplateStore Key: 6dc8e1c919dc959087589f074b38ccfd9999f9ac9e0d72d666d4656b9d1ded99
2026/01/24 10:30:03 cache.go:210: [32mCACHE[0m Cache Entry for Table [TemplateStore] added with Key [6dc8e1c919dc959087589f074b38ccfd9999f9ac9e0d72d666d4656b9d1ded99], expiry [2026-01-24T10:30:05.754678Z] 1 second from now
2026/01/24 10:30:03 templateStoreV2Cache.go:70: [32mCACHE[0m Sync cache for TemplateStore Key: 6dc8e1c919dc959087589f074b38ccfd9999f9ac9e0d72d666d4656b9d1ded99
2026/01/24 12:25:34 cache.go:210: [32mCACHE[0m Cache Entry for Table [Sausage] added with Key [Bum], expiry [2026-01-24T12:55:49.362757Z] 30 minutes from now
2026/01/24 12:25:34 cache.go:210: [32mCACHE[0m Cache Entry for Table [Sausage] added with Key [Bum2], expiry [2026-01-24T12:55:49.363879Z] 30 minutes from now
2026/01/24 12:25:34 cache.go:210: [32mCACHE[0m Cache Entry for Table [Sausage] added with Key [Bum3], expiry [2026-01-24T12:55:49.363919Z] 30 minutes from now
2026/01/24 12:25:34 cache.go:210: [32mCACHE[0m Cache Entry for Table [Sausage] added with Key [Bum4], expiry [2026-01-24T12:55:49.36398Z] 30 minutes from now
2026/01/24 12:25:34 cache.go:210: [32mCACHE[0m Cache Entry for Table [Supper] added with Key [Foo], expiry [2125-12-31T12:25:34.364171Z] a long while from now
2026/01/24 12:25:34 cache.go:210: [32mCACHE[0m Cache Entry for Table [TemplateStore] added with Key [3989000bfea8b19e302bbe565fb9409f8f43767f07bd5a0ca05da7595842771d], expiry [2026-01-24T12:25:35.424694Z] now
2026/01/24 12:25:34 cache.go:210: [32mCACHE[0m Cache Entry for Table [TemplateStore] added with Key [3989000bfea8b19e302bbe565fb9409f8f43767f07bd5a0ca05da7595842771d], expiry [2026-01-24T12:25:36.494574Z] 1 second from now
2026/01/24 12:25:34 templateStoreV2Cache.go:54: [32mCACHE[0m Sync cache for TemplateStore Key: 3989000bfea8b19e302bbe565fb9409f8f43767f07bd5a0ca05da7595842771d
2026/01/24 12:25:34 cache.go:210: [32mCACHE[0m Cache Entry for Table [TemplateStore] added with Key [6f237111b77c1c4270d8787b21260994df592870388cfbf9d9165a668fb511c1], expiry [2026-01-24T12:25:36.494943Z] 1 second from now
2026/01/24 12:25:34 cache.go:210: [32mCACHE[0m Cache Entry for Table [TemplateStore] added with Key [3989000bfea8b19e302bbe565fb9409f8f43767f07bd5a0ca05da7595842771d], expiry [2026-01-24T12:25:36.495083Z] 1 second from now
2026/01/24 12:25:34 cache.go:210: [32mCACHE[0m Cache Entry for Table [TemplateStore] added with Key [3989000bfea8b19e302bbe565fb9409f8f43767f07bd5a0ca05da7595842771d], expiry [2026-01-24T12:25:36.495114Z] 1 second from now
2026/01/24 12:25:34 templateStoreV2Cache.go:48: [32mCACHE[0m Sync cache for TemplateStore Key: 3989000bfea8b19e302bbe565fb9409f8f43767f07bd5a0ca05da7595842771d
2026/01/24 12:25:34 cache.go:210: [32mCACHE[0m Cache Entry for Table [TemplateStore] added with Key [3989000bfea8b19e302bbe565fb9409f8f43767f07bd5a0ca05da7595842771d], expiry [2026-01-24T12:25:36.495336Z] 1 second from now
2026/01/24 12:25:34 templateStoreV2Cache.go:54: [32mCACHE[0m Sync cache for TemplateStore Key: 3989000bfea8b19e302bbe565fb9409f8f43767f07bd5a0ca05da7595842771d
2026/01/24 12:25:34 cache.go:210: [32mCACHE[0m Cache Entry for Table [TemplateStore] added with Key [3989000bfea8b19e302bbe565fb9409f8f43767f07bd5a0ca05da7595842771d], expiry [2026-01-24T12:25:36.495546Z] 1 second from now
2026/01/24 12:25:34 templateStoreV2Cache.go:54: [32mCACHE[0m Sync cache for TemplateStore Key: 3989000bfea8b19e302bbe565fb9409f8f43767f07bd5a0ca05da7595842771d
2026/01/24 12:25:34 cache.go:210: [32mCACHE[0m Cache Entry for Table [TemplateStore] added with Key [3989000bfea8b19e302bbe565fb9409f8f43767f07bd5a0ca05da7595842771d], expiry [2026-01-24T12:25:36.495762Z] 1 second from now
2026/01/24 12:25:34 templateStoreV2Cache.go:54: [32mCACHE[0m Sync cache for TemplateStore Key: 3989000bfea8b19e302bbe565fb9409f8f43767f07bd5a0ca05da7595842771d
2026/01/24 12:25:34 cache.go:210: [32mCACHE[0m Cache Entry for Table [TemplateStore] added with Key [3989000bfea8b19e302bbe565fb9409f8f43767f07bd5a0ca05da7595842771d], expiry [2026-01-24T12:25:36.495959Z] 1 second from now
2026/01/24 12:25:34 templateStoreV2Cache.go:54: [32mCACHE[0m Sync cache for TemplateStore Key: 3989000bfea8b19e302bbe565fb9409f8f43767f07bd5a0ca05da7595842771d
