2026/01/19 16:14:07 logHandler.go:200: [97mINFO[0m *------------------------------------------------------------------------*
2026/01/19 16:14:07 logHandler.go:201: [97mINFO[0m [CACHE] Activity=[Report] - Starting Cache Report
2026/01/19 16:14:07 logHandler.go:202: [97mINFO[0m *------------------------------------------------------------------------*
2026/01/19 16:14:07 cacheDebug.go:19: [97mINFO[0m No tables are currently cached
2026/01/19 16:14:07 cacheDebug.go:22: [97mINFO[0m Cache created at: 2026-01-19T16:14:07.848297Z
2026/01/19 16:14:07 cacheDebug.go:23: [97mINFO[0m Cache updated at: 0001-01-01T00:00:00Z
2026/01/19 16:14:07 cacheDebug.go:24: [97mINFO[0m Cache Age: now
2026/01/19 16:14:07 cacheDebug.go:25: [97mINFO[0m Cache Last Updated: a long while ago
2026/01/19 16:14:07 cacheDebug.go:26: [97mINFO[0m 
2026/01/19 16:14:07 logHandler.go:200: [97mINFO[0m *------------------------------------------------------------------------*
2026/01/19 16:14:07 logHandler.go:201: [97mINFO[0m [CACHE] Activity=[Report] - End Report
2026/01/19 16:14:07 logHandler.go:202: [97mINFO[0m *------------------------------------------------------------------------*
2026/01/19 16:14:07 cache.go:53: [97mINFO[0m Activating Cache for Table [Sausage]
2026/01/19 16:14:07 cache.go:63: [97mINFO[0m Cache for Table [Sausage] Activated
2026/01/19 16:14:07 cache.go:85: [97mINFO[0m Setting Cache Expiry for Table [Sausage] to 30m15s
2026/01/19 16:14:07 cache.go:91: [97mINFO[0m Cache Expiry for Table [Sausage] set to 30m15s
2026/01/19 16:14:07 cache.go:104: [97mINFO[0m Adding Cache Key [Field1] for Table [Sausage]
2026/01/19 16:14:07 cache.go:111: [97mINFO[0m Cache Key [Field1] added for Table [Sausage]
2026/01/19 16:14:07 logHandler.go:200: [97mINFO[0m *------------------------------------------------------------------------*
2026/01/19 16:14:07 logHandler.go:201: [97mINFO[0m [CACHE] Activity=[Report] - Starting Cache Report
2026/01/19 16:14:07 logHandler.go:202: [97mINFO[0m *------------------------------------------------------------------------*
2026/01/19 16:14:07 cacheDebug.go:22: [97mINFO[0m Cache created at: 2026-01-19T16:14:07.848297Z
2026/01/19 16:14:07 cacheDebug.go:23: [97mINFO[0m Cache updated at: 0001-01-01T00:00:00Z
2026/01/19 16:14:07 cacheDebug.go:24: [97mINFO[0m Cache Age: now
2026/01/19 16:14:07 cacheDebug.go:25: [97mINFO[0m Cache Last Updated: a long while ago
2026/01/19 16:14:07 cacheDebug.go:26: [97mINFO[0m 
2026/01/19 16:14:07 cacheDebug.go:36: [97mINFO[0m . Cached Tables: Sausage 
2026/01/19 16:14:07 cacheDebug.go:38: [97mINFO[0m . Cached Keys Summary
2026/01/19 16:14:07 cacheDebug.go:40: [97mINFO[0m . 	Table [Sausage] has Key Field [Field1]
2026/01/19 16:14:07 cacheDebug.go:44: [97mINFO[0m . Cached Records Summary
2026/01/19 16:14:07 cacheDebug.go:92: [97mINFO[0m . 	Table [Sausage] has [0] cached records and expiry set to [30m15s]
2026/01/19 16:14:07 cacheDebug.go:49: [97mINFO[0m 
2026/01/19 16:14:07 cacheDebug.go:50: [97mINFO[0m Cache Stats - Created: 2026-01-19T16:14:07.848297Z, Updated: 0001-01-01T00:00:00Z, Tables: 1, Entries: 0
2026/01/19 16:14:07 logHandler.go:200: [97mINFO[0m *------------------------------------------------------------------------*
2026/01/19 16:14:07 logHandler.go:201: [97mINFO[0m [CACHE] Activity=[Report] - End Report
2026/01/19 16:14:07 logHandler.go:202: [97mINFO[0m *------------------------------------------------------------------------*
2026/01/19 16:14:07 cache.go:169: [97mINFO[0m Adding Cache Entry for Table [Sausage] with Key Field [Field1]
2026/01/19 16:14:07 cache.go:188: [97mINFO[0m Adding Cache Entry for Table [Sausage] with Key [Bum]
2026/01/19 16:14:07 cache.go:169: [97mINFO[0m Adding Cache Entry for Table [Sausage] with Key Field [Field1]
2026/01/19 16:14:07 cache.go:188: [97mINFO[0m Adding Cache Entry for Table [Sausage] with Key [Bum2]
2026/01/19 16:14:07 cache.go:169: [97mINFO[0m Adding Cache Entry for Table [Sausage] with Key Field [Field1]
2026/01/19 16:14:07 cache.go:188: [97mINFO[0m Adding Cache Entry for Table [Sausage] with Key [Bum3]
2026/01/19 16:14:07 cache.go:169: [97mINFO[0m Adding Cache Entry for Table [Sausage] with Key Field [Field1]
2026/01/19 16:14:07 cache.go:188: [97mINFO[0m Adding Cache Entry for Table [Sausage] with Key [Bum4]
2026/01/19 16:14:07 logHandler.go:200: [97mINFO[0m *------------------------------------------------------------------------*
2026/01/19 16:14:07 logHandler.go:201: [97mINFO[0m [CACHE] Activity=[Report] - Starting Cache Report
2026/01/19 16:14:07 logHandler.go:202: [97mINFO[0m *------------------------------------------------------------------------*
2026/01/19 16:14:07 cacheDebug.go:22: [97mINFO[0m Cache created at: 2026-01-19T16:14:07.848297Z
2026/01/19 16:14:07 cacheDebug.go:23: [97mINFO[0m Cache updated at: 2026-01-19T16:14:07.849703Z
2026/01/19 16:14:07 cacheDebug.go:24: [97mINFO[0m Cache Age: now
2026/01/19 16:14:07 cacheDebug.go:25: [97mINFO[0m Cache Last Updated: now
2026/01/19 16:14:07 cacheDebug.go:26: [97mINFO[0m 
2026/01/19 16:14:07 cacheDebug.go:36: [97mINFO[0m . Cached Tables: Sausage 
2026/01/19 16:14:07 cacheDebug.go:38: [97mINFO[0m . Cached Keys Summary
2026/01/19 16:14:07 cacheDebug.go:40: [97mINFO[0m . 	Table [Sausage] has Key Field [Field1]
2026/01/19 16:14:07 cacheDebug.go:44: [97mINFO[0m . Cached Records Summary
2026/01/19 16:14:07 cacheDebug.go:92: [97mINFO[0m . 	Table [Sausage] has [4] cached records and expiry set to [30m15s]
2026/01/19 16:14:07 cacheDebug.go:96: [97mINFO[0m .       Sausage>Field1: Bum - expires: 2026-01-19T16:44:22.849409Z(30 minutes from now)
2026/01/19 16:14:07 cacheDebug.go:96: [97mINFO[0m .       Sausage>Field1: Bum2 - expires: 2026-01-19T16:44:22.849596Z(30 minutes from now)
2026/01/19 16:14:07 cacheDebug.go:96: [97mINFO[0m .       Sausage>Field1: Bum3 - expires: 2026-01-19T16:44:22.849631Z(30 minutes from now)
2026/01/19 16:14:07 cacheDebug.go:96: [97mINFO[0m .       Sausage>Field1: Bum4 - expires: 2026-01-19T16:44:22.849702Z(30 minutes from now)
2026/01/19 16:14:07 cacheDebug.go:49: [97mINFO[0m 
2026/01/19 16:14:07 cacheDebug.go:50: [97mINFO[0m Cache Stats - Created: 2026-01-19T16:14:07.848297Z, Updated: 2026-01-19T16:14:07.849703Z, Tables: 1, Entries: 4
2026/01/19 16:14:07 logHandler.go:200: [97mINFO[0m *------------------------------------------------------------------------*
2026/01/19 16:14:07 logHandler.go:201: [97mINFO[0m [CACHE] Activity=[Report] - End Report
2026/01/19 16:14:07 logHandler.go:202: [97mINFO[0m *------------------------------------------------------------------------*
2026/01/19 16:14:07 cache.go:53: [97mINFO[0m Activating Cache for Table [Supper]
2026/01/19 16:14:07 cache.go:63: [97mINFO[0m Cache for Table [Supper] Activated
2026/01/19 16:14:07 cache.go:104: [97mINFO[0m Adding Cache Key [FieldA] for Table [Supper]
2026/01/19 16:14:07 cache.go:111: [97mINFO[0m Cache Key [FieldA] added for Table [Supper]
2026/01/19 16:14:07 cache.go:169: [97mINFO[0m Adding Cache Entry for Table [Supper] with Key Field [FieldA]
2026/01/19 16:14:07 cache.go:188: [97mINFO[0m Adding Cache Entry for Table [Supper] with Key [Foo]
2026/01/19 16:14:07 main.go:73: [97mINFO[0m Found Entry: {Field1:Bum2 Field2:{Value:456} When:2026-01-19 16:14:07.849344 +0000 GMT m=+0.016307626}
2026/01/19 16:14:07 main.go:79: [97mINFO[0m Cache Stats - Created: 2026-01-19T16:14:07.848297Z, Updated: 2026-01-19T16:14:07.850002Z, Tables: 2, Entries: 3
2026/01/19 16:14:07 logHandler.go:200: [97mINFO[0m *------------------------------------------------------------------------*
2026/01/19 16:14:07 logHandler.go:201: [97mINFO[0m [INFO] Activity=[START] - Starting DAO Test Application - Phase 1
2026/01/19 16:14:07 logHandler.go:202: [97mINFO[0m *------------------------------------------------------------------------*
2026/01/19 16:14:07 main.go:84: [97mINFO[0m Initialize User Store
2026/01/19 16:14:07 main.go:88: [97mINFO[0m Clear Down User Store
2026/01/19 16:14:07 main.go:155: [97mINFO[0m Phase ONE Creating 1 Baseline Users
2026/01/19 16:14:07 cache.go:53: [97mINFO[0m Activating Cache for Table [TemplateStore]
2026/01/19 16:14:07 cache.go:63: [97mINFO[0m Cache for Table [TemplateStore] Activated
2026/01/19 16:14:07 cache.go:85: [97mINFO[0m Setting Cache Expiry for Table [TemplateStore] to 1s
2026/01/19 16:14:07 cache.go:91: [97mINFO[0m Cache Expiry for Table [TemplateStore] set to 1s
2026/01/19 16:14:07 cache.go:104: [97mINFO[0m Adding Cache Key [Key] for Table [TemplateStore]
2026/01/19 16:14:07 cache.go:111: [97mINFO[0m Cache Key [Key] added for Table [TemplateStore]
2026/01/19 16:14:07 templateStoreV2Cache.go:60: [97mINFO[0m Defining Sync function for TemplateStore
2026/01/19 16:14:07 main.go:162: [97mINFO[0m Phase ONE Adding Baseline Users to Store
2026/01/19 16:14:08 database.go:368: [97mINFO[0m [CREATE] TemplateStore [...cheeseontoast.db] (&{ID:100 K) - Adding to Cache
2026/01/19 16:14:08 cache.go:169: [97mINFO[0m Adding Cache Entry for Table [TemplateStore] with Key Field [Key]
2026/01/19 16:14:08 cache.go:188: [97mINFO[0m Adding Cache Entry for Table [TemplateStore] with Key [f22c8c930568714d009a96d2e280ac55547ca4aee9b465bf02d753b7711f8362]
2026/01/19 16:14:08 main.go:175: [97mINFO[0m Phase ONE Baseline 1 Users Added to Store
2026/01/19 16:14:08 main.go:176: [97mINFO[0m Phase ONE Hydrating Cache for Users
2026/01/19 16:14:08 cache.go:169: [97mINFO[0m Adding Cache Entry for Table [TemplateStore] with Key Field [Key]
2026/01/19 16:14:08 cache.go:188: [97mINFO[0m Adding Cache Entry for Table [TemplateStore] with Key [f22c8c930568714d009a96d2e280ac55547ca4aee9b465bf02d753b7711f8362]
2026/01/19 16:14:08 cache.go:641: [97mINFO[0m Cache for Table [TemplateStore] hydrated (1/1)
2026/01/19 16:14:08 main.go:187: [97mINFO[0m Phase ONE Setup Templates Loaded: 1
2026/01/19 16:14:08 main.go:205: [97mINFO[0m Phase ONE Selected User Key: f22c8c930568714d009a96d2e280ac55547ca4aee9b465bf02d753b7711f8362
2026/01/19 16:14:08 main.go:269: [97mINFO[0m Phase ONE Cache fetch iteration 1: avg=23.833µs min=23.833µs max=23.833µs samples=1
2026/01/19 16:14:08 main.go:277: [97mINFO[0m Phase ONE Cache fetch overall: avg=23.833µs min=23.833µs max=23.833µs samples=1
2026/01/19 16:14:08 main.go:289: [97mINFO[0m Phase ONE Total Users: 1
2026/01/19 16:14:08 main.go:293: [97mINFO[0m Phase ONE Counting all users
2026/01/19 16:14:08 main.go:298: [97mINFO[0m Phase ONE User count: 1
2026/01/19 16:14:08 main.go:304: [97mINFO[0m Phase ONE Counting active users with LastHost='orion'
2026/01/19 16:14:08 main.go:309: [97mINFO[0m Phase ONE Active user count: 0
2026/01/19 16:14:08 main.go:317: [97mINFO[0m Phase ONE Get f22c8c930568714d009a96d2e280ac55547ca4aee9b465bf02d753b7711f8362
2026/01/19 16:14:08 main.go:322: [97mINFO[0m Phase ONE User by key: Matt Townsend
2026/01/19 16:14:08 main.go:324: [97mINFO[0m Phase ONE Repeated user load 1
2026/01/19 16:14:08 main.go:341: [97mINFO[0m Phase ONE Completed
2026/01/19 16:14:08 main.go:344: [97mINFO[0m Cache Stats - Created: 2026-01-19T16:14:07.848297Z, Updated: 2026-01-19T16:14:08.045741Z, Tables: 3, Entries: 4
2026/01/19 16:14:08 main.go:97: [97mINFO[0m Phase 2 Test Message: f22c8c930568714d009a96d2e280ac55547ca4aee9b465bf02d753b7711f8362
2026/01/19 16:14:08 main.go:155: [97mINFO[0m Phase ONE Creating 2 Baseline Users
2026/01/19 16:14:08 cache.go:53: [97mINFO[0m Activating Cache for Table [TemplateStore]
2026/01/19 16:14:08 cache.go:63: [97mINFO[0m Cache for Table [TemplateStore] Activated
2026/01/19 16:14:08 cache.go:85: [97mINFO[0m Setting Cache Expiry for Table [TemplateStore] to 2s
2026/01/19 16:14:08 cache.go:91: [97mINFO[0m Cache Expiry for Table [TemplateStore] set to 2s
2026/01/19 16:14:08 cache.go:104: [97mINFO[0m Adding Cache Key [Key] for Table [TemplateStore]
2026/01/19 16:14:08 cache.go:111: [97mINFO[0m Cache Key [Key] added for Table [TemplateStore]
2026/01/19 16:14:08 templateStoreV2Cache.go:60: [97mINFO[0m Defining Sync function for TemplateStore
2026/01/19 16:14:08 main.go:162: [97mINFO[0m Phase ONE Adding Baseline Users to Store
2026/01/19 16:14:08 database.go:324: [97mINFO[0m [UPDATE] TemplateStore [...cheeseontoast.db] (&{ID:100 K) - Updating Cache
2026/01/19 16:14:08 cache.go:169: [97mINFO[0m Adding Cache Entry for Table [TemplateStore] with Key Field [Key]
2026/01/19 16:14:08 cache.go:188: [97mINFO[0m Adding Cache Entry for Table [TemplateStore] with Key [f22c8c930568714d009a96d2e280ac55547ca4aee9b465bf02d753b7711f8362]
2026/01/19 16:14:08 database.go:324: [97mINFO[0m [UPDATE] TemplateStore [...cheeseontoast.db] (&{ID:100 K) - Updating Cache
2026/01/19 16:14:08 cache.go:169: [97mINFO[0m Adding Cache Entry for Table [TemplateStore] with Key Field [Key]
2026/01/19 16:14:08 cache.go:188: [97mINFO[0m Adding Cache Entry for Table [TemplateStore] with Key [f22c8c930568714d009a96d2e280ac55547ca4aee9b465bf02d753b7711f8362]
2026/01/19 16:14:08 cache.go:672: [97mINFO[0m Cache for Table [TemplateStore] synchronised (1/1)
2026/01/19 16:14:08 database.go:324: [97mINFO[0m [UPDATE] TemplateStore [...cheeseontoast.db] (&{ID:100 K) - Updating Cache
2026/01/19 16:14:08 cache.go:169: [97mINFO[0m Adding Cache Entry for Table [TemplateStore] with Key Field [Key]
2026/01/19 16:14:08 cache.go:188: [97mINFO[0m Adding Cache Entry for Table [TemplateStore] with Key [f22c8c930568714d009a96d2e280ac55547ca4aee9b465bf02d753b7711f8362]
2026/01/19 16:14:08 cache.go:672: [97mINFO[0m Cache for Table [TemplateStore] synchronised (1/1)
2026/01/19 16:14:08 database.go:324: [97mINFO[0m [UPDATE] TemplateStore [...cheeseontoast.db] (&{ID:100 K) - Updating Cache
2026/01/19 16:14:08 cache.go:169: [97mINFO[0m Adding Cache Entry for Table [TemplateStore] with Key Field [Key]
2026/01/19 16:14:08 cache.go:188: [97mINFO[0m Adding Cache Entry for Table [TemplateStore] with Key [f22c8c930568714d009a96d2e280ac55547ca4aee9b465bf02d753b7711f8362]
2026/01/19 16:14:08 cache.go:672: [97mINFO[0m Cache for Table [TemplateStore] synchronised (1/1)
2026/01/19 16:14:08 database.go:368: [97mINFO[0m [CREATE] TemplateStore [...cheeseontoast.db] (&{ID:101 K) - Adding to Cache
2026/01/19 16:14:08 cache.go:169: [97mINFO[0m Adding Cache Entry for Table [TemplateStore] with Key Field [Key]
2026/01/19 16:14:08 cache.go:188: [97mINFO[0m Adding Cache Entry for Table [TemplateStore] with Key [238b3dcec144e9ac55eb41351a66709434a59579b9d64f24e6cc008932ef1be8]
2026/01/19 16:14:08 database.go:324: [97mINFO[0m [UPDATE] TemplateStore [...cheeseontoast.db] (&{ID:100 K) - Updating Cache
2026/01/19 16:14:08 main.go:175: [97mINFO[0m Phase ONE Baseline 2 Users Added to Store
2026/01/19 16:14:08 main.go:176: [97mINFO[0m Phase ONE Hydrating Cache for Users
2026/01/19 16:14:08 cache.go:169: [97mINFO[0m Adding Cache Entry for Table [TemplateStore] with Key Field [Key]
2026/01/19 16:14:08 cache.go:188: [97mINFO[0m Adding Cache Entry for Table [TemplateStore] with Key [f22c8c930568714d009a96d2e280ac55547ca4aee9b465bf02d753b7711f8362]
2026/01/19 16:14:08 cache.go:169: [97mINFO[0m Adding Cache Entry for Table [TemplateStore] with Key Field [Key]
2026/01/19 16:14:08 cache.go:188: [97mINFO[0m Adding Cache Entry for Table [TemplateStore] with Key [f22c8c930568714d009a96d2e280ac55547ca4aee9b465bf02d753b7711f8362]
2026/01/19 16:14:08 cache.go:672: [97mINFO[0m Cache for Table [TemplateStore] synchronised (1/1)
2026/01/19 16:14:08 cache.go:169: [97mINFO[0m Adding Cache Entry for Table [TemplateStore] with Key Field [Key]
2026/01/19 16:14:08 cache.go:188: [97mINFO[0m Adding Cache Entry for Table [TemplateStore] with Key [238b3dcec144e9ac55eb41351a66709434a59579b9d64f24e6cc008932ef1be8]
2026/01/19 16:14:08 cache.go:641: [97mINFO[0m Cache for Table [TemplateStore] hydrated (2/2)
2026/01/19 16:14:08 main.go:187: [97mINFO[0m Phase ONE Setup Templates Loaded: 2
2026/01/19 16:14:08 main.go:197: [97mINFO[0m Phase ONE User: (0/2) Matt Townsend f22c8c930568714d009a96d2e280ac55547ca4aee9b465bf02d753b7711f8362
2026/01/19 16:14:08 main.go:205: [97mINFO[0m Phase ONE Selected User Key: f22c8c930568714d009a96d2e280ac55547ca4aee9b465bf02d753b7711f8362
2026/01/19 16:14:08 database.go:324: [97mINFO[0m [UPDATE] TemplateStore [...cheeseontoast.db] (&{ID:100 K) - Updating Cache
2026/01/19 16:14:08 cache.go:169: [97mINFO[0m Adding Cache Entry for Table [TemplateStore] with Key Field [Key]
2026/01/19 16:14:08 cache.go:188: [97mINFO[0m Adding Cache Entry for Table [TemplateStore] with Key [f22c8c930568714d009a96d2e280ac55547ca4aee9b465bf02d753b7711f8362]
2026/01/19 16:14:08 main.go:269: [97mINFO[0m Phase ONE Cache fetch iteration 1: avg=74.042µs min=74.042µs max=74.042µs samples=1
2026/01/19 16:14:08 main.go:277: [97mINFO[0m Phase ONE Cache fetch overall: avg=74.042µs min=74.042µs max=74.042µs samples=1
2026/01/19 16:14:08 main.go:289: [97mINFO[0m Phase ONE Total Users: 2
2026/01/19 16:14:08 main.go:293: [97mINFO[0m Phase ONE Counting all users
2026/01/19 16:14:08 main.go:298: [97mINFO[0m Phase ONE User count: 2
2026/01/19 16:14:08 main.go:304: [97mINFO[0m Phase ONE Counting active users with LastHost='orion'
2026/01/19 16:14:08 database.go:324: [97mINFO[0m [UPDATE] TemplateStore [...cheeseontoast.db] (&{ID:101 K) - Updating Cache
2026/01/19 16:14:08 database.go:324: [97mINFO[0m [UPDATE] TemplateStore [...cheeseontoast.db] (&{ID:100 K) - Updating Cache
2026/01/19 16:14:08 main.go:309: [97mINFO[0m Phase ONE Active user count: 0
2026/01/19 16:14:08 main.go:317: [97mINFO[0m Phase ONE Get f22c8c930568714d009a96d2e280ac55547ca4aee9b465bf02d753b7711f8362
2026/01/19 16:14:08 cache.go:169: [97mINFO[0m Adding Cache Entry for Table [TemplateStore] with Key Field [Key]
2026/01/19 16:14:08 cache.go:188: [97mINFO[0m Adding Cache Entry for Table [TemplateStore] with Key [238b3dcec144e9ac55eb41351a66709434a59579b9d64f24e6cc008932ef1be8]
2026/01/19 16:14:08 main.go:322: [97mINFO[0m Phase ONE User by key: Matt Townsend
2026/01/19 16:14:08 main.go:324: [97mINFO[0m Phase ONE Repeated user load 2
2026/01/19 16:14:08 cache.go:169: [97mINFO[0m Adding Cache Entry for Table [TemplateStore] with Key Field [Key]
2026/01/19 16:14:08 cache.go:188: [97mINFO[0m Adding Cache Entry for Table [TemplateStore] with Key [f22c8c930568714d009a96d2e280ac55547ca4aee9b465bf02d753b7711f8362]
2026/01/19 16:14:08 cache.go:672: [97mINFO[0m Cache for Table [TemplateStore] synchronised (2/2)
2026/01/19 16:14:08 main.go:341: [97mINFO[0m Phase ONE Completed
2026/01/19 16:14:08 main.go:344: [97mINFO[0m Cache Stats - Created: 2026-01-19T16:14:07.848297Z, Updated: 2026-01-19T16:14:08.11984Z, Tables: 3, Entries: 5
2026/01/19 16:14:08 main.go:97: [97mINFO[0m Phase 2 Test Message: f22c8c930568714d009a96d2e280ac55547ca4aee9b465bf02d753b7711f8362
2026/01/19 16:14:08 database.go:324: [97mINFO[0m [UPDATE] TemplateStore [...cheeseontoast.db] (&{ID:100 K) - Updating Cache
2026/01/19 16:14:08 cache.go:169: [97mINFO[0m Adding Cache Entry for Table [TemplateStore] with Key Field [Key]
2026/01/19 16:14:08 cache.go:188: [97mINFO[0m Adding Cache Entry for Table [TemplateStore] with Key [f22c8c930568714d009a96d2e280ac55547ca4aee9b465bf02d753b7711f8362]
2026/01/19 16:14:08 database.go:324: [97mINFO[0m [UPDATE] TemplateStore [...cheeseontoast.db] (&{ID:101 K) - Updating Cache
2026/01/19 16:14:08 cache.go:169: [97mINFO[0m Adding Cache Entry for Table [TemplateStore] with Key Field [Key]
2026/01/19 16:14:08 cache.go:188: [97mINFO[0m Adding Cache Entry for Table [TemplateStore] with Key [238b3dcec144e9ac55eb41351a66709434a59579b9d64f24e6cc008932ef1be8]
2026/01/19 16:14:08 logHandler.go:200: [97mINFO[0m *------------------------------------------------------------------------*
2026/01/19 16:14:08 logHandler.go:201: [97mINFO[0m [CACHE] Activity=[Report] - Starting Cache Report
2026/01/19 16:14:08 logHandler.go:202: [97mINFO[0m *------------------------------------------------------------------------*
2026/01/19 16:14:08 cacheDebug.go:22: [97mINFO[0m Cache created at: 2026-01-19T16:14:07.848297Z
2026/01/19 16:14:08 cacheDebug.go:23: [97mINFO[0m Cache updated at: 2026-01-19T16:14:08.120037Z
2026/01/19 16:14:08 cacheDebug.go:24: [97mINFO[0m Cache Age: now
2026/01/19 16:14:08 cacheDebug.go:25: [97mINFO[0m Cache Last Updated: now
2026/01/19 16:14:08 cacheDebug.go:26: [97mINFO[0m 
2026/01/19 16:14:08 cacheDebug.go:36: [97mINFO[0m . Cached Tables: Supper TemplateStore Sausage 
2026/01/19 16:14:08 cacheDebug.go:38: [97mINFO[0m . Cached Keys Summary
2026/01/19 16:14:08 cacheDebug.go:40: [97mINFO[0m . 	Table [TemplateStore] has Key Field [Key]
2026/01/19 16:14:08 cacheDebug.go:40: [97mINFO[0m . 	Table [Sausage] has Key Field [Field1]
2026/01/19 16:14:08 cacheDebug.go:40: [97mINFO[0m . 	Table [Supper] has Key Field [FieldA]
2026/01/19 16:14:08 cacheDebug.go:44: [97mINFO[0m . Cached Records Summary
2026/01/19 16:14:08 cacheDebug.go:92: [97mINFO[0m . 	Table [Sausage] has [2] cached records and expiry set to [30m15s]
2026/01/19 16:14:08 cacheDebug.go:96: [97mINFO[0m .       Sausage>Field1: Bum - expires: 2026-01-19T16:44:22.849409Z(30 minutes from now)
2026/01/19 16:14:08 cacheDebug.go:96: [97mINFO[0m .       Sausage>Field1: Bum4 - expires: 2026-01-19T16:44:22.849702Z(30 minutes from now)
2026/01/19 16:14:08 cacheDebug.go:92: [97mINFO[0m . 	Table [Supper] has [1] cached records and expiry set to [876000h0m0s]
2026/01/19 16:14:08 cacheDebug.go:96: [97mINFO[0m .       Supper>FieldA: Foo - expires: 2125-12-26T16:14:07.849926Z(a long while from now)
2026/01/19 16:14:08 cacheDebug.go:92: [97mINFO[0m . 	Table [TemplateStore] has [2] cached records and expiry set to [2s]
2026/01/19 16:14:08 cacheDebug.go:96: [97mINFO[0m .       TemplateStore>Key: 238b3dcec144e9ac55eb41351a66709434a59579b9d64f24e6cc008932ef1be8 - expires: 2026-01-19T16:14:10.120037Z(1 second from now)
2026/01/19 16:14:08 cacheDebug.go:96: [97mINFO[0m .       TemplateStore>Key: f22c8c930568714d009a96d2e280ac55547ca4aee9b465bf02d753b7711f8362 - expires: 2026-01-19T16:14:10.120003Z(1 second from now)
2026/01/19 16:14:08 cacheDebug.go:49: [97mINFO[0m 
2026/01/19 16:14:08 cacheDebug.go:50: [97mINFO[0m Cache Stats - Created: 2026-01-19T16:14:07.848297Z, Updated: 2026-01-19T16:14:08.120037Z, Tables: 3, Entries: 5
2026/01/19 16:14:08 logHandler.go:200: [97mINFO[0m *------------------------------------------------------------------------*
2026/01/19 16:14:08 logHandler.go:201: [97mINFO[0m [CACHE] Activity=[Report] - End Report
2026/01/19 16:14:08 logHandler.go:202: [97mINFO[0m *------------------------------------------------------------------------*
2026/01/19 16:14:08 main.go:115: [97mINFO[0m P1 Total Users after Phase 1: 2
2026/01/19 16:14:08 database.go:324: [97mINFO[0m [UPDATE] TemplateStore [...cheeseontoast.db] (&{ID:100 K) - Updating Cache
2026/01/20 09:27:16 logHandler.go:200: [97mINFO[0m *------------------------------------------------------------------------*
2026/01/20 09:27:16 logHandler.go:201: [97mINFO[0m [CACHE] Activity=[Report] - Starting Cache Report
2026/01/20 09:27:16 logHandler.go:202: [97mINFO[0m *------------------------------------------------------------------------*
2026/01/20 09:27:16 cacheDebug.go:19: [97mINFO[0m No tables are currently cached
2026/01/20 09:27:16 cacheDebug.go:22: [97mINFO[0m Cache created at: 2026-01-20T09:27:16.769391Z
2026/01/20 09:27:16 cacheDebug.go:23: [97mINFO[0m Cache updated at: 0001-01-01T00:00:00Z
2026/01/20 09:27:16 cacheDebug.go:24: [97mINFO[0m Cache Age: now
2026/01/20 09:27:16 cacheDebug.go:25: [97mINFO[0m Cache Last Updated: a long while ago
2026/01/20 09:27:16 cacheDebug.go:26: [97mINFO[0m 
2026/01/20 09:27:16 logHandler.go:200: [97mINFO[0m *------------------------------------------------------------------------*
2026/01/20 09:27:16 logHandler.go:201: [97mINFO[0m [CACHE] Activity=[Report] - End Report
2026/01/20 09:27:16 logHandler.go:202: [97mINFO[0m *------------------------------------------------------------------------*
2026/01/20 09:27:16 cache.go:53: [97mINFO[0m Activating Cache for Table [Sausage]
2026/01/20 09:27:16 cache.go:63: [97mINFO[0m Cache for Table [Sausage] Activated
2026/01/20 09:27:16 cache.go:85: [97mINFO[0m Setting Cache Expiry for Table [Sausage] to 30m15s
2026/01/20 09:27:16 cache.go:91: [97mINFO[0m Cache Expiry for Table [Sausage] set to 30m15s
2026/01/20 09:27:16 cache.go:104: [97mINFO[0m Adding Cache Key [Field1] for Table [Sausage]
2026/01/20 09:27:16 cache.go:111: [97mINFO[0m Cache Key [Field1] added for Table [Sausage]
2026/01/20 09:27:16 logHandler.go:200: [97mINFO[0m *------------------------------------------------------------------------*
2026/01/20 09:27:16 logHandler.go:201: [97mINFO[0m [CACHE] Activity=[Report] - Starting Cache Report
2026/01/20 09:27:16 logHandler.go:202: [97mINFO[0m *------------------------------------------------------------------------*
2026/01/20 09:27:16 cacheDebug.go:22: [97mINFO[0m Cache created at: 2026-01-20T09:27:16.769391Z
2026/01/20 09:27:16 cacheDebug.go:23: [97mINFO[0m Cache updated at: 0001-01-01T00:00:00Z
2026/01/20 09:27:16 cacheDebug.go:24: [97mINFO[0m Cache Age: now
2026/01/20 09:27:16 cacheDebug.go:25: [97mINFO[0m Cache Last Updated: a long while ago
2026/01/20 09:27:16 cacheDebug.go:26: [97mINFO[0m 
2026/01/20 09:27:16 cacheDebug.go:36: [97mINFO[0m . Cached Tables: Sausage 
2026/01/20 09:27:16 cacheDebug.go:38: [97mINFO[0m . Cached Keys Summary
2026/01/20 09:27:16 cacheDebug.go:40: [97mINFO[0m . 	Table [Sausage] has Key Field [Field1]
2026/01/20 09:27:16 cacheDebug.go:44: [97mINFO[0m . Cached Records Summary
2026/01/20 09:27:16 cacheDebug.go:92: [97mINFO[0m . 	Table [Sausage] has [0] cached records and expiry set to [30m15s]
2026/01/20 09:27:16 cacheDebug.go:49: [97mINFO[0m 
2026/01/20 09:27:16 cacheDebug.go:50: [97mINFO[0m Cache Stats - Created: 2026-01-20T09:27:16.769391Z, Updated: 0001-01-01T00:00:00Z, Tables: 1, Entries: 0
2026/01/20 09:27:16 logHandler.go:200: [97mINFO[0m *------------------------------------------------------------------------*
2026/01/20 09:27:16 logHandler.go:201: [97mINFO[0m [CACHE] Activity=[Report] - End Report
2026/01/20 09:27:16 logHandler.go:202: [97mINFO[0m *------------------------------------------------------------------------*
2026/01/20 09:27:16 cache.go:169: [97mINFO[0m Adding Cache Entry for Table [Sausage] with Key Field [Field1]
2026/01/20 09:27:16 cache.go:188: [97mINFO[0m Adding Cache Entry for Table [Sausage] with Key [Bum]
2026/01/20 09:27:16 cache.go:169: [97mINFO[0m Adding Cache Entry for Table [Sausage] with Key Field [Field1]
2026/01/20 09:27:16 cache.go:188: [97mINFO[0m Adding Cache Entry for Table [Sausage] with Key [Bum2]
2026/01/20 09:27:16 cache.go:169: [97mINFO[0m Adding Cache Entry for Table [Sausage] with Key Field [Field1]
2026/01/20 09:27:16 cache.go:188: [97mINFO[0m Adding Cache Entry for Table [Sausage] with Key [Bum3]
2026/01/20 09:27:16 cache.go:169: [97mINFO[0m Adding Cache Entry for Table [Sausage] with Key Field [Field1]
2026/01/20 09:27:16 cache.go:188: [97mINFO[0m Adding Cache Entry for Table [Sausage] with Key [Bum4]
2026/01/20 09:27:16 logHandler.go:200: [97mINFO[0m *------------------------------------------------------------------------*
2026/01/20 09:27:16 logHandler.go:201: [97mINFO[0m [CACHE] Activity=[Report] - Starting Cache Report
2026/01/20 09:27:16 logHandler.go:202: [97mINFO[0m *------------------------------------------------------------------------*
2026/01/20 09:27:16 cacheDebug.go:22: [97mINFO[0m Cache created at: 2026-01-20T09:27:16.769391Z
2026/01/20 09:27:16 cacheDebug.go:23: [97mINFO[0m Cache updated at: 2026-01-20T09:27:16.771659Z
2026/01/20 09:27:16 cacheDebug.go:24: [97mINFO[0m Cache Age: now
2026/01/20 09:27:16 cacheDebug.go:25: [97mINFO[0m Cache Last Updated: now
2026/01/20 09:27:16 cacheDebug.go:26: [97mINFO[0m 
2026/01/20 09:27:16 cacheDebug.go:36: [97mINFO[0m . Cached Tables: Sausage 
2026/01/20 09:27:16 cacheDebug.go:38: [97mINFO[0m . Cached Keys Summary
2026/01/20 09:27:16 cacheDebug.go:40: [97mINFO[0m . 	Table [Sausage] has Key Field [Field1]
2026/01/20 09:27:16 cacheDebug.go:44: [97mINFO[0m . Cached Records Summary
2026/01/20 09:27:16 cacheDebug.go:92: [97mINFO[0m . 	Table [Sausage] has [4] cached records and expiry set to [30m15s]
2026/01/20 09:27:16 cacheDebug.go:96: [97mINFO[0m .       Sausage>Field1: Bum3 - expires: 2026-01-20T09:57:31.771579Z(30 minutes from now)
2026/01/20 09:27:16 cacheDebug.go:96: [97mINFO[0m .       Sausage>Field1: Bum4 - expires: 2026-01-20T09:57:31.771659Z(30 minutes from now)
2026/01/20 09:27:16 cacheDebug.go:96: [97mINFO[0m .       Sausage>Field1: Bum - expires: 2026-01-20T09:57:31.770711Z(30 minutes from now)
2026/01/20 09:27:16 cacheDebug.go:96: [97mINFO[0m .       Sausage>Field1: Bum2 - expires: 2026-01-20T09:57:31.77149Z(30 minutes from now)
2026/01/20 09:27:16 cacheDebug.go:49: [97mINFO[0m 
2026/01/20 09:27:16 cacheDebug.go:50: [97mINFO[0m Cache Stats - Created: 2026-01-20T09:27:16.769391Z, Updated: 2026-01-20T09:27:16.771659Z, Tables: 1, Entries: 4
2026/01/20 09:27:16 logHandler.go:200: [97mINFO[0m *------------------------------------------------------------------------*
2026/01/20 09:27:16 logHandler.go:201: [97mINFO[0m [CACHE] Activity=[Report] - End Report
2026/01/20 09:27:16 logHandler.go:202: [97mINFO[0m *------------------------------------------------------------------------*
2026/01/20 09:27:16 cache.go:53: [97mINFO[0m Activating Cache for Table [Supper]
2026/01/20 09:27:16 cache.go:63: [97mINFO[0m Cache for Table [Supper] Activated
2026/01/20 09:27:16 cache.go:104: [97mINFO[0m Adding Cache Key [FieldA] for Table [Supper]
2026/01/20 09:27:16 cache.go:111: [97mINFO[0m Cache Key [FieldA] added for Table [Supper]
2026/01/20 09:27:16 cache.go:169: [97mINFO[0m Adding Cache Entry for Table [Supper] with Key Field [FieldA]
2026/01/20 09:27:16 cache.go:188: [97mINFO[0m Adding Cache Entry for Table [Supper] with Key [Foo]
2026/01/20 09:27:16 main.go:73: [97mINFO[0m Found Entry: {Field1:Bum2 Field2:{Value:456} When:2026-01-20 09:27:16.77065 +0000 GMT m=+0.006671459}
2026/01/20 09:27:16 main.go:79: [97mINFO[0m Cache Stats - Created: 2026-01-20T09:27:16.769391Z, Updated: 2026-01-20T09:27:16.772078Z, Tables: 2, Entries: 3
2026/01/20 09:27:16 logHandler.go:200: [97mINFO[0m *------------------------------------------------------------------------*
2026/01/20 09:27:16 logHandler.go:201: [97mINFO[0m [INFO] Activity=[START] - Starting DAO Test Application - Phase 1
2026/01/20 09:27:16 logHandler.go:202: [97mINFO[0m *------------------------------------------------------------------------*
2026/01/20 09:27:16 main.go:84: [97mINFO[0m Initialize User Store
2026/01/20 09:27:16 main.go:88: [97mINFO[0m Clear Down User Store
2026/01/20 09:27:16 main.go:155: [97mINFO[0m Phase ONE Creating 1 Baseline Users
2026/01/20 09:27:16 cache.go:53: [97mINFO[0m Activating Cache for Table [TemplateStore]
2026/01/20 09:27:16 cache.go:63: [97mINFO[0m Cache for Table [TemplateStore] Activated
2026/01/20 09:27:16 cache.go:85: [97mINFO[0m Setting Cache Expiry for Table [TemplateStore] to 1s
2026/01/20 09:27:16 cache.go:91: [97mINFO[0m Cache Expiry for Table [TemplateStore] set to 1s
2026/01/20 09:27:16 cache.go:104: [97mINFO[0m Adding Cache Key [Key] for Table [TemplateStore]
2026/01/20 09:27:16 cache.go:111: [97mINFO[0m Cache Key [Key] added for Table [TemplateStore]
2026/01/20 09:27:16 templateStoreV2Cache.go:60: [97mINFO[0m Defining Sync function for TemplateStore
2026/01/20 09:27:16 main.go:162: [97mINFO[0m Phase ONE Adding Baseline Users to Store
2026/01/20 09:27:16 database.go:362: [97mINFO[0m [CREATE] TemplateStore [...cheeseontoast.db] (&{ID:0 Key) - Adding to Cache
2026/01/20 09:27:16 cache.go:169: [97mINFO[0m Adding Cache Entry for Table [TemplateStore] with Key Field [Key]
2026/01/20 09:27:16 cache.go:188: [97mINFO[0m Adding Cache Entry for Table [TemplateStore] with Key [c2020431b5f18b10ccdbc248d4f5e1424973865da2ab4b9ee927eb3ff693b02c]
2026/01/20 09:27:16 main.go:175: [97mINFO[0m Phase ONE Baseline 1 Users Added to Store
2026/01/20 09:27:16 main.go:176: [97mINFO[0m Phase ONE Hydrating Cache for Users
2026/01/20 09:27:16 cache.go:641: [97mINFO[0m Cache for Table [TemplateStore] hydrated (0/1)
2026/01/20 09:27:16 main.go:187: [97mINFO[0m Phase ONE Setup Templates Loaded: 1
2026/01/20 09:27:16 main.go:205: [97mINFO[0m Phase ONE Selected User Key: c2020431b5f18b10ccdbc248d4f5e1424973865da2ab4b9ee927eb3ff693b02c
2026/01/20 09:27:16 main.go:269: [97mINFO[0m Phase ONE Cache fetch iteration 1: avg=23.916µs min=23.916µs max=23.916µs samples=1
2026/01/20 09:27:16 main.go:277: [97mINFO[0m Phase ONE Cache fetch overall: avg=23.916µs min=23.916µs max=23.916µs samples=1
2026/01/20 09:27:16 main.go:289: [97mINFO[0m Phase ONE Total Users: 0
2026/01/20 09:27:16 main.go:293: [97mINFO[0m Phase ONE Counting all users
2026/01/20 09:27:16 main.go:298: [97mINFO[0m Phase ONE User count: 0
2026/01/20 09:27:17 main.go:304: [97mINFO[0m Phase ONE Counting active users with LastHost='orion'
2026/01/20 09:27:17 main.go:309: [97mINFO[0m Phase ONE Active user count: 0
2026/01/20 09:27:17 main.go:317: [97mINFO[0m Phase ONE Get c2020431b5f18b10ccdbc248d4f5e1424973865da2ab4b9ee927eb3ff693b02c
2026/01/20 09:27:17 main.go:322: [97mINFO[0m Phase ONE User by key: Matt Townsend
2026/01/20 09:27:17 main.go:324: [97mINFO[0m Phase ONE Repeated user load 0
2026/01/20 09:27:17 main.go:341: [97mINFO[0m Phase ONE Completed
2026/01/20 09:27:17 main.go:344: [97mINFO[0m Cache Stats - Created: 2026-01-20T09:27:16.769391Z, Updated: 2026-01-20T09:27:16.99844Z, Tables: 3, Entries: 4
2026/01/20 09:27:17 main.go:97: [97mINFO[0m Phase 2 Test Message: c2020431b5f18b10ccdbc248d4f5e1424973865da2ab4b9ee927eb3ff693b02c
2026/01/20 09:27:17 main.go:155: [97mINFO[0m Phase ONE Creating 2 Baseline Users
2026/01/20 09:27:17 cache.go:53: [97mINFO[0m Activating Cache for Table [TemplateStore]
2026/01/20 09:27:17 cache.go:63: [97mINFO[0m Cache for Table [TemplateStore] Activated
2026/01/20 09:27:17 cache.go:85: [97mINFO[0m Setting Cache Expiry for Table [TemplateStore] to 2s
2026/01/20 09:27:17 cache.go:91: [97mINFO[0m Cache Expiry for Table [TemplateStore] set to 2s
2026/01/20 09:27:17 cache.go:104: [97mINFO[0m Adding Cache Key [Key] for Table [TemplateStore]
2026/01/20 09:27:17 cache.go:111: [97mINFO[0m Cache Key [Key] added for Table [TemplateStore]
2026/01/20 09:27:17 templateStoreV2Cache.go:60: [97mINFO[0m Defining Sync function for TemplateStore
2026/01/20 09:27:17 main.go:162: [97mINFO[0m Phase ONE Adding Baseline Users to Store
2026/01/20 09:27:17 database.go:324: [97mINFO[0m [UPDATE] TemplateStore [...cheeseontoast.db] (&{ID:102 K) - Updating Cache
2026/01/20 09:27:17 cache.go:169: [97mINFO[0m Adding Cache Entry for Table [TemplateStore] with Key Field [Key]
2026/01/20 09:27:17 cache.go:188: [97mINFO[0m Adding Cache Entry for Table [TemplateStore] with Key [c2020431b5f18b10ccdbc248d4f5e1424973865da2ab4b9ee927eb3ff693b02c]
2026/01/20 09:27:29 logHandler.go:200: [97mINFO[0m *------------------------------------------------------------------------*
2026/01/20 09:27:29 logHandler.go:201: [97mINFO[0m [CACHE] Activity=[Report] - Starting Cache Report
2026/01/20 09:27:29 logHandler.go:202: [97mINFO[0m *------------------------------------------------------------------------*
2026/01/20 09:27:29 cacheDebug.go:19: [97mINFO[0m No tables are currently cached
2026/01/20 09:27:29 cacheDebug.go:22: [97mINFO[0m Cache created at: 2026-01-20T09:27:29.95589Z
2026/01/20 09:27:29 cacheDebug.go:23: [97mINFO[0m Cache updated at: 0001-01-01T00:00:00Z
2026/01/20 09:27:29 cacheDebug.go:24: [97mINFO[0m Cache Age: now
2026/01/20 09:27:29 cacheDebug.go:25: [97mINFO[0m Cache Last Updated: a long while ago
2026/01/20 09:27:29 cacheDebug.go:26: [97mINFO[0m 
2026/01/20 09:27:29 logHandler.go:200: [97mINFO[0m *------------------------------------------------------------------------*
2026/01/20 09:27:29 logHandler.go:201: [97mINFO[0m [CACHE] Activity=[Report] - End Report
2026/01/20 09:27:29 logHandler.go:202: [97mINFO[0m *------------------------------------------------------------------------*
2026/01/20 09:27:29 cache.go:53: [97mINFO[0m Activating Cache for Table [Sausage]
2026/01/20 09:27:29 cache.go:63: [97mINFO[0m Cache for Table [Sausage] Activated
2026/01/20 09:27:29 cache.go:85: [97mINFO[0m Setting Cache Expiry for Table [Sausage] to 30m15s
2026/01/20 09:27:29 cache.go:91: [97mINFO[0m Cache Expiry for Table [Sausage] set to 30m15s
2026/01/20 09:27:29 cache.go:104: [97mINFO[0m Adding Cache Key [Field1] for Table [Sausage]
2026/01/20 09:27:29 cache.go:111: [97mINFO[0m Cache Key [Field1] added for Table [Sausage]
2026/01/20 09:27:29 logHandler.go:200: [97mINFO[0m *------------------------------------------------------------------------*
2026/01/20 09:27:29 logHandler.go:201: [97mINFO[0m [CACHE] Activity=[Report] - Starting Cache Report
2026/01/20 09:27:29 logHandler.go:202: [97mINFO[0m *------------------------------------------------------------------------*
2026/01/20 09:27:29 cacheDebug.go:22: [97mINFO[0m Cache created at: 2026-01-20T09:27:29.95589Z
2026/01/20 09:27:29 cacheDebug.go:23: [97mINFO[0m Cache updated at: 0001-01-01T00:00:00Z
2026/01/20 09:27:29 cacheDebug.go:24: [97mINFO[0m Cache Age: now
2026/01/20 09:27:29 cacheDebug.go:25: [97mINFO[0m Cache Last Updated: a long while ago
2026/01/20 09:27:29 cacheDebug.go:26: [97mINFO[0m 
2026/01/20 09:27:29 cacheDebug.go:36: [97mINFO[0m . Cached Tables: Sausage 
2026/01/20 09:27:29 cacheDebug.go:38: [97mINFO[0m . Cached Keys Summary
2026/01/20 09:27:29 cacheDebug.go:40: [97mINFO[0m . 	Table [Sausage] has Key Field [Field1]
2026/01/20 09:27:29 cacheDebug.go:44: [97mINFO[0m . Cached Records Summary
2026/01/20 09:27:29 cacheDebug.go:92: [97mINFO[0m . 	Table [Sausage] has [0] cached records and expiry set to [30m15s]
2026/01/20 09:27:29 cacheDebug.go:49: [97mINFO[0m 
2026/01/20 09:27:29 cacheDebug.go:50: [97mINFO[0m Cache Stats - Created: 2026-01-20T09:27:29.95589Z, Updated: 0001-01-01T00:00:00Z, Tables: 1, Entries: 0
2026/01/20 09:27:29 logHandler.go:200: [97mINFO[0m *------------------------------------------------------------------------*
2026/01/20 09:27:29 logHandler.go:201: [97mINFO[0m [CACHE] Activity=[Report] - End Report
2026/01/20 09:27:29 logHandler.go:202: [97mINFO[0m *------------------------------------------------------------------------*
2026/01/20 09:27:29 cache.go:169: [97mINFO[0m Adding Cache Entry for Table [Sausage] with Key Field [Field1]
2026/01/20 09:27:29 cache.go:188: [97mINFO[0m Adding Cache Entry for Table [Sausage] with Key [Bum]
2026/01/20 09:27:29 cache.go:169: [97mINFO[0m Adding Cache Entry for Table [Sausage] with Key Field [Field1]
2026/01/20 09:27:29 cache.go:188: [97mINFO[0m Adding Cache Entry for Table [Sausage] with Key [Bum2]
2026/01/20 09:27:29 cache.go:169: [97mINFO[0m Adding Cache Entry for Table [Sausage] with Key Field [Field1]
2026/01/20 09:27:29 cache.go:188: [97mINFO[0m Adding Cache Entry for Table [Sausage] with Key [Bum3]
2026/01/20 09:27:29 cache.go:169: [97mINFO[0m Adding Cache Entry for Table [Sausage] with Key Field [Field1]
2026/01/20 09:27:29 cache.go:188: [97mINFO[0m Adding Cache Entry for Table [Sausage] with Key [Bum4]
2026/01/20 09:27:29 logHandler.go:200: [97mINFO[0m *------------------------------------------------------------------------*
2026/01/20 09:27:29 logHandler.go:201: [97mINFO[0m [CACHE] Activity=[Report] - Starting Cache Report
2026/01/20 09:27:29 logHandler.go:202: [97mINFO[0m *------------------------------------------------------------------------*
2026/01/20 09:27:29 cacheDebug.go:22: [97mINFO[0m Cache created at: 2026-01-20T09:27:29.95589Z
2026/01/20 09:27:29 cacheDebug.go:23: [97mINFO[0m Cache updated at: 2026-01-20T09:27:29.956519Z
2026/01/20 09:27:29 cacheDebug.go:24: [97mINFO[0m Cache Age: now
2026/01/20 09:27:29 cacheDebug.go:25: [97mINFO[0m Cache Last Updated: now
2026/01/20 09:27:29 cacheDebug.go:26: [97mINFO[0m 
2026/01/20 09:27:29 cacheDebug.go:36: [97mINFO[0m . Cached Tables: Sausage 
2026/01/20 09:27:29 cacheDebug.go:38: [97mINFO[0m . Cached Keys Summary
2026/01/20 09:27:29 cacheDebug.go:40: [97mINFO[0m . 	Table [Sausage] has Key Field [Field1]
2026/01/20 09:27:29 cacheDebug.go:44: [97mINFO[0m . Cached Records Summary
2026/01/20 09:27:29 cacheDebug.go:92: [97mINFO[0m . 	Table [Sausage] has [4] cached records and expiry set to [30m15s]
2026/01/20 09:27:29 cacheDebug.go:96: [97mINFO[0m .       Sausage>Field1: Bum4 - expires: 2026-01-20T09:57:44.956519Z(30 minutes from now)
2026/01/20 09:27:29 cacheDebug.go:96: [97mINFO[0m .       Sausage>Field1: Bum - expires: 2026-01-20T09:57:44.956381Z(30 minutes from now)
2026/01/20 09:27:29 cacheDebug.go:96: [97mINFO[0m .       Sausage>Field1: Bum2 - expires: 2026-01-20T09:57:44.956459Z(30 minutes from now)
2026/01/20 09:27:29 cacheDebug.go:96: [97mINFO[0m .       Sausage>Field1: Bum3 - expires: 2026-01-20T09:57:44.956498Z(30 minutes from now)
2026/01/20 09:27:29 cacheDebug.go:49: [97mINFO[0m 
2026/01/20 09:27:29 cacheDebug.go:50: [97mINFO[0m Cache Stats - Created: 2026-01-20T09:27:29.95589Z, Updated: 2026-01-20T09:27:29.956519Z, Tables: 1, Entries: 4
2026/01/20 09:27:29 logHandler.go:200: [97mINFO[0m *------------------------------------------------------------------------*
2026/01/20 09:27:29 logHandler.go:201: [97mINFO[0m [CACHE] Activity=[Report] - End Report
2026/01/20 09:27:29 logHandler.go:202: [97mINFO[0m *------------------------------------------------------------------------*
2026/01/20 09:27:29 cache.go:53: [97mINFO[0m Activating Cache for Table [Supper]
2026/01/20 09:27:29 cache.go:63: [97mINFO[0m Cache for Table [Supper] Activated
2026/01/20 09:27:29 cache.go:104: [97mINFO[0m Adding Cache Key [FieldA] for Table [Supper]
2026/01/20 09:27:29 cache.go:111: [97mINFO[0m Cache Key [FieldA] added for Table [Supper]
2026/01/20 09:27:29 cache.go:169: [97mINFO[0m Adding Cache Entry for Table [Supper] with Key Field [FieldA]
2026/01/20 09:27:29 cache.go:188: [97mINFO[0m Adding Cache Entry for Table [Supper] with Key [Foo]
2026/01/20 09:27:29 main.go:73: [97mINFO[0m Found Entry: {Field1:Bum2 Field2:{Value:456} When:2026-01-20 09:27:29.95635 +0000 GMT m=+0.004431959}
2026/01/20 09:27:29 main.go:79: [97mINFO[0m Cache Stats - Created: 2026-01-20T09:27:29.95589Z, Updated: 2026-01-20T09:27:29.956774Z, Tables: 2, Entries: 3
2026/01/20 09:27:29 logHandler.go:200: [97mINFO[0m *------------------------------------------------------------------------*
2026/01/20 09:27:29 logHandler.go:201: [97mINFO[0m [INFO] Activity=[START] - Starting DAO Test Application - Phase 1
2026/01/20 09:27:29 logHandler.go:202: [97mINFO[0m *------------------------------------------------------------------------*
2026/01/20 09:27:29 main.go:84: [97mINFO[0m Initialize User Store
2026/01/20 09:27:29 main.go:88: [97mINFO[0m Clear Down User Store
2026/01/20 09:27:29 main.go:155: [97mINFO[0m Phase ONE Creating 1 Baseline Users
2026/01/20 09:27:29 cache.go:53: [97mINFO[0m Activating Cache for Table [TemplateStore]
2026/01/20 09:27:29 cache.go:63: [97mINFO[0m Cache for Table [TemplateStore] Activated
2026/01/20 09:27:29 cache.go:85: [97mINFO[0m Setting Cache Expiry for Table [TemplateStore] to 1s
2026/01/20 09:27:29 cache.go:91: [97mINFO[0m Cache Expiry for Table [TemplateStore] set to 1s
2026/01/20 09:27:29 cache.go:104: [97mINFO[0m Adding Cache Key [Key] for Table [TemplateStore]
2026/01/20 09:27:29 cache.go:111: [97mINFO[0m Cache Key [Key] added for Table [TemplateStore]
2026/01/20 09:27:29 templateStoreV2Cache.go:60: [97mINFO[0m Defining Sync function for TemplateStore
2026/01/20 09:27:29 main.go:162: [97mINFO[0m Phase ONE Adding Baseline Users to Store
2026/01/20 09:27:30 database.go:362: [97mINFO[0m [CREATE] TemplateStore [...cheeseontoast.db] (&{ID:0 Key) - Adding to Cache
2026/01/20 09:27:30 cache.go:169: [97mINFO[0m Adding Cache Entry for Table [TemplateStore] with Key Field [Key]
2026/01/20 09:27:30 cache.go:188: [97mINFO[0m Adding Cache Entry for Table [TemplateStore] with Key [76e02e0f3ac43c1ddd5b370e6011515218c8128cf70282325426d6945773a0ea]
2026/01/20 09:27:30 main.go:175: [97mINFO[0m Phase ONE Baseline 1 Users Added to Store
2026/01/20 09:27:30 main.go:176: [97mINFO[0m Phase ONE Hydrating Cache for Users
2026/01/20 09:27:30 cache.go:641: [97mINFO[0m Cache for Table [TemplateStore] hydrated (0/1)
2026/01/20 09:27:30 main.go:187: [97mINFO[0m Phase ONE Setup Templates Loaded: 1
2026/01/20 09:27:30 main.go:197: [97mINFO[0m Phase ONE User: (0/1) Matt Townsend 76e02e0f3ac43c1ddd5b370e6011515218c8128cf70282325426d6945773a0ea
2026/01/20 09:27:30 main.go:205: [97mINFO[0m Phase ONE Selected User Key: 76e02e0f3ac43c1ddd5b370e6011515218c8128cf70282325426d6945773a0ea
2026/01/20 09:27:30 main.go:269: [97mINFO[0m Phase ONE Cache fetch iteration 1: avg=76.334µs min=76.334µs max=76.334µs samples=1
2026/01/20 09:27:30 main.go:277: [97mINFO[0m Phase ONE Cache fetch overall: avg=76.334µs min=76.334µs max=76.334µs samples=1
2026/01/20 09:27:30 main.go:289: [97mINFO[0m Phase ONE Total Users: 0
2026/01/20 09:27:30 main.go:293: [97mINFO[0m Phase ONE Counting all users
2026/01/20 09:27:30 main.go:298: [97mINFO[0m Phase ONE User count: 0
2026/01/20 09:27:30 main.go:304: [97mINFO[0m Phase ONE Counting active users with LastHost='orion'
2026/01/20 09:27:30 main.go:309: [97mINFO[0m Phase ONE Active user count: 0
2026/01/20 09:27:30 main.go:317: [97mINFO[0m Phase ONE Get 76e02e0f3ac43c1ddd5b370e6011515218c8128cf70282325426d6945773a0ea
2026/01/20 09:27:30 main.go:322: [97mINFO[0m Phase ONE User by key: Matt Townsend
2026/01/20 09:27:30 main.go:324: [97mINFO[0m Phase ONE Repeated user load 0
2026/01/20 09:27:30 main.go:341: [97mINFO[0m Phase ONE Completed
2026/01/20 09:27:30 main.go:344: [97mINFO[0m Cache Stats - Created: 2026-01-20T09:27:29.95589Z, Updated: 2026-01-20T09:27:30.001277Z, Tables: 3, Entries: 4
2026/01/20 09:27:30 main.go:97: [97mINFO[0m Phase 2 Test Message: 76e02e0f3ac43c1ddd5b370e6011515218c8128cf70282325426d6945773a0ea
2026/01/20 09:27:30 main.go:155: [97mINFO[0m Phase ONE Creating 2 Baseline Users
2026/01/20 09:27:30 cache.go:53: [97mINFO[0m Activating Cache for Table [TemplateStore]
2026/01/20 09:27:30 cache.go:63: [97mINFO[0m Cache for Table [TemplateStore] Activated
2026/01/20 09:27:30 cache.go:85: [97mINFO[0m Setting Cache Expiry for Table [TemplateStore] to 2s
2026/01/20 09:27:30 cache.go:91: [97mINFO[0m Cache Expiry for Table [TemplateStore] set to 2s
2026/01/20 09:27:30 cache.go:104: [97mINFO[0m Adding Cache Key [Key] for Table [TemplateStore]
2026/01/20 09:27:30 cache.go:111: [97mINFO[0m Cache Key [Key] added for Table [TemplateStore]
2026/01/20 09:27:30 templateStoreV2Cache.go:60: [97mINFO[0m Defining Sync function for TemplateStore
2026/01/20 09:27:30 main.go:162: [97mINFO[0m Phase ONE Adding Baseline Users to Store
2026/01/20 09:27:30 database.go:324: [97mINFO[0m [UPDATE] TemplateStore [...cheeseontoast.db] (&{ID:103 K) - Updating Cache
2026/01/20 09:27:30 cache.go:169: [97mINFO[0m Adding Cache Entry for Table [TemplateStore] with Key Field [Key]
2026/01/20 09:27:30 cache.go:188: [97mINFO[0m Adding Cache Entry for Table [TemplateStore] with Key [76e02e0f3ac43c1ddd5b370e6011515218c8128cf70282325426d6945773a0ea]
