2026/01/19 16:14:07 cache.go:210: [32mCACHE[0m Cache Entry for Table [Sausage] added with Key [Bum], expiry [2026-01-19T16:44:22.849409Z] 30 minutes from now
2026/01/19 16:14:07 cache.go:210: [32mCACHE[0m Cache Entry for Table [Sausage] added with Key [Bum2], expiry [2026-01-19T16:44:22.849596Z] 30 minutes from now
2026/01/19 16:14:07 cache.go:210: [32mCACHE[0m Cache Entry for Table [Sausage] added with Key [Bum3], expiry [2026-01-19T16:44:22.849631Z] 30 minutes from now
2026/01/19 16:14:07 cache.go:210: [32mCACHE[0m Cache Entry for Table [Sausage] added with Key [Bum4], expiry [2026-01-19T16:44:22.849702Z] 30 minutes from now
2026/01/19 16:14:07 cache.go:210: [32mCACHE[0m Cache Entry for Table [Supper] added with Key [Foo], expiry [2125-12-26T16:14:07.849926Z] a long while from now
2026/01/19 16:14:08 cache.go:210: [32mCACHE[0m Cache Entry for Table [TemplateStore] added with Key [f22c8c930568714d009a96d2e280ac55547ca4aee9b465bf02d753b7711f8362], expiry [2026-01-19T16:14:09.045577Z] now
2026/01/19 16:14:08 cache.go:210: [32mCACHE[0m Cache Entry for Table [TemplateStore] added with Key [f22c8c930568714d009a96d2e280ac55547ca4aee9b465bf02d753b7711f8362], expiry [2026-01-19T16:14:09.045741Z] now
2026/01/19 16:14:08 cache.go:210: [32mCACHE[0m Cache Entry for Table [TemplateStore] added with Key [f22c8c930568714d009a96d2e280ac55547ca4aee9b465bf02d753b7711f8362], expiry [2026-01-19T16:14:10.047017Z] 1 second from now
2026/01/19 16:14:08 templateStoreV2Cache.go:70: [32mCACHE[0m Sync cache for TemplateStore Key: f22c8c930568714d009a96d2e280ac55547ca4aee9b465bf02d753b7711f8362
2026/01/19 16:14:08 cache.go:210: [32mCACHE[0m Cache Entry for Table [TemplateStore] added with Key [f22c8c930568714d009a96d2e280ac55547ca4aee9b465bf02d753b7711f8362], expiry [2026-01-19T16:14:10.047723Z] 1 second from now
2026/01/19 16:14:08 templateStoreV2Cache.go:70: [32mCACHE[0m Sync cache for TemplateStore Key: f22c8c930568714d009a96d2e280ac55547ca4aee9b465bf02d753b7711f8362
2026/01/19 16:14:08 cache.go:210: [32mCACHE[0m Cache Entry for Table [TemplateStore] added with Key [f22c8c930568714d009a96d2e280ac55547ca4aee9b465bf02d753b7711f8362], expiry [2026-01-19T16:14:10.047997Z] 1 second from now
2026/01/19 16:14:08 templateStoreV2Cache.go:70: [32mCACHE[0m Sync cache for TemplateStore Key: f22c8c930568714d009a96d2e280ac55547ca4aee9b465bf02d753b7711f8362
2026/01/19 16:14:08 cache.go:210: [32mCACHE[0m Cache Entry for Table [TemplateStore] added with Key [f22c8c930568714d009a96d2e280ac55547ca4aee9b465bf02d753b7711f8362], expiry [2026-01-19T16:14:10.095702Z] 1 second from now
2026/01/19 16:14:08 templateStoreV2Cache.go:70: [32mCACHE[0m Sync cache for TemplateStore Key: f22c8c930568714d009a96d2e280ac55547ca4aee9b465bf02d753b7711f8362
2026/01/19 16:14:08 cache.go:210: [32mCACHE[0m Cache Entry for Table [TemplateStore] added with Key [238b3dcec144e9ac55eb41351a66709434a59579b9d64f24e6cc008932ef1be8], expiry [2026-01-19T16:14:10.118718Z] 1 second from now
2026/01/19 16:14:08 cache.go:210: [32mCACHE[0m Cache Entry for Table [TemplateStore] added with Key [f22c8c930568714d009a96d2e280ac55547ca4aee9b465bf02d753b7711f8362], expiry [2026-01-19T16:14:10.118867Z] 1 second from now
2026/01/19 16:14:08 cache.go:210: [32mCACHE[0m Cache Entry for Table [TemplateStore] added with Key [f22c8c930568714d009a96d2e280ac55547ca4aee9b465bf02d753b7711f8362], expiry [2026-01-19T16:14:10.118945Z] 1 second from now
2026/01/19 16:14:08 templateStoreV2Cache.go:64: [32mCACHE[0m Sync cache for TemplateStore Key: f22c8c930568714d009a96d2e280ac55547ca4aee9b465bf02d753b7711f8362
2026/01/19 16:14:08 cache.go:210: [32mCACHE[0m Cache Entry for Table [TemplateStore] added with Key [238b3dcec144e9ac55eb41351a66709434a59579b9d64f24e6cc008932ef1be8], expiry [2026-01-19T16:14:10.118992Z] 1 second from now
2026/01/19 16:14:08 cache.go:210: [32mCACHE[0m Cache Entry for Table [TemplateStore] added with Key [f22c8c930568714d009a96d2e280ac55547ca4aee9b465bf02d753b7711f8362], expiry [2026-01-19T16:14:10.11921Z] 1 second from now
2026/01/19 16:14:08 templateStoreV2Cache.go:64: [32mCACHE[0m Sync cache for TemplateStore Key: 238b3dcec144e9ac55eb41351a66709434a59579b9d64f24e6cc008932ef1be8
2026/01/19 16:14:08 templateStoreV2Cache.go:70: [32mCACHE[0m Sync cache for TemplateStore Key: f22c8c930568714d009a96d2e280ac55547ca4aee9b465bf02d753b7711f8362
2026/01/19 16:14:08 cache.go:210: [32mCACHE[0m Cache Entry for Table [TemplateStore] added with Key [238b3dcec144e9ac55eb41351a66709434a59579b9d64f24e6cc008932ef1be8], expiry [2026-01-19T16:14:10.119787Z] 1 second from now
2026/01/19 16:14:08 templateStoreV2Cache.go:70: [32mCACHE[0m Sync cache for TemplateStore Key: f22c8c930568714d009a96d2e280ac55547ca4aee9b465bf02d753b7711f8362
2026/01/19 16:14:08 cache.go:210: [32mCACHE[0m Cache Entry for Table [TemplateStore] added with Key [f22c8c930568714d009a96d2e280ac55547ca4aee9b465bf02d753b7711f8362], expiry [2026-01-19T16:14:10.11984Z] 1 second from now
2026/01/19 16:14:08 templateStoreV2Cache.go:70: [32mCACHE[0m Sync cache for TemplateStore Key: 238b3dcec144e9ac55eb41351a66709434a59579b9d64f24e6cc008932ef1be8
2026/01/19 16:14:08 templateStoreV2Cache.go:70: [32mCACHE[0m Sync cache for TemplateStore Key: 238b3dcec144e9ac55eb41351a66709434a59579b9d64f24e6cc008932ef1be8
2026/01/19 16:14:08 cache.go:210: [32mCACHE[0m Cache Entry for Table [TemplateStore] added with Key [f22c8c930568714d009a96d2e280ac55547ca4aee9b465bf02d753b7711f8362], expiry [2026-01-19T16:14:10.120003Z] 1 second from now
2026/01/19 16:14:08 templateStoreV2Cache.go:70: [32mCACHE[0m Sync cache for TemplateStore Key: 238b3dcec144e9ac55eb41351a66709434a59579b9d64f24e6cc008932ef1be8
2026/01/19 16:14:08 templateStoreV2Cache.go:70: [32mCACHE[0m Sync cache for TemplateStore Key: f22c8c930568714d009a96d2e280ac55547ca4aee9b465bf02d753b7711f8362
2026/01/19 16:14:08 cache.go:210: [32mCACHE[0m Cache Entry for Table [TemplateStore] added with Key [238b3dcec144e9ac55eb41351a66709434a59579b9d64f24e6cc008932ef1be8], expiry [2026-01-19T16:14:10.120037Z] 1 second from now
2026/01/19 16:14:08 templateStoreV2Cache.go:70: [32mCACHE[0m Sync cache for TemplateStore Key: f22c8c930568714d009a96d2e280ac55547ca4aee9b465bf02d753b7711f8362
2026/01/20 09:27:16 cache.go:210: [32mCACHE[0m Cache Entry for Table [Sausage] added with Key [Bum], expiry [2026-01-20T09:57:31.770711Z] 30 minutes from now
2026/01/20 09:27:16 cache.go:210: [32mCACHE[0m Cache Entry for Table [Sausage] added with Key [Bum2], expiry [2026-01-20T09:57:31.77149Z] 30 minutes from now
2026/01/20 09:27:16 cache.go:210: [32mCACHE[0m Cache Entry for Table [Sausage] added with Key [Bum3], expiry [2026-01-20T09:57:31.771579Z] 30 minutes from now
2026/01/20 09:27:16 cache.go:210: [32mCACHE[0m Cache Entry for Table [Sausage] added with Key [Bum4], expiry [2026-01-20T09:57:31.771659Z] 30 minutes from now
2026/01/20 09:27:16 cache.go:210: [32mCACHE[0m Cache Entry for Table [Supper] added with Key [Foo], expiry [2125-12-27T09:27:16.772003Z] a long while from now
2026/01/20 09:27:16 cache.go:210: [32mCACHE[0m Cache Entry for Table [TemplateStore] added with Key [c2020431b5f18b10ccdbc248d4f5e1424973865da2ab4b9ee927eb3ff693b02c], expiry [2026-01-20T09:27:17.998439Z] now
2026/01/20 09:27:17 cache.go:210: [32mCACHE[0m Cache Entry for Table [TemplateStore] added with Key [c2020431b5f18b10ccdbc248d4f5e1424973865da2ab4b9ee927eb3ff693b02c], expiry [2026-01-20T09:27:19.03355Z] 1 second from now
2026/01/20 09:27:29 cache.go:210: [32mCACHE[0m Cache Entry for Table [Sausage] added with Key [Bum], expiry [2026-01-20T09:57:44.956381Z] 30 minutes from now
2026/01/20 09:27:29 cache.go:210: [32mCACHE[0m Cache Entry for Table [Sausage] added with Key [Bum2], expiry [2026-01-20T09:57:44.956459Z] 30 minutes from now
2026/01/20 09:27:29 cache.go:210: [32mCACHE[0m Cache Entry for Table [Sausage] added with Key [Bum3], expiry [2026-01-20T09:57:44.956498Z] 30 minutes from now
2026/01/20 09:27:29 cache.go:210: [32mCACHE[0m Cache Entry for Table [Sausage] added with Key [Bum4], expiry [2026-01-20T09:57:44.956519Z] 30 minutes from now
2026/01/20 09:27:29 cache.go:210: [32mCACHE[0m Cache Entry for Table [Supper] added with Key [Foo], expiry [2125-12-27T09:27:29.956727Z] a long while from now
2026/01/20 09:27:30 cache.go:210: [32mCACHE[0m Cache Entry for Table [TemplateStore] added with Key [76e02e0f3ac43c1ddd5b370e6011515218c8128cf70282325426d6945773a0ea], expiry [2026-01-20T09:27:31.001277Z] now
2026/01/20 09:27:30 cache.go:210: [32mCACHE[0m Cache Entry for Table [TemplateStore] added with Key [76e02e0f3ac43c1ddd5b370e6011515218c8128cf70282325426d6945773a0ea], expiry [2026-01-20T09:27:32.039083Z] 1 second from now
